<?xml version="1.0" encoding="UTF-8"?>
<robot generator="Robot 7.2.2 (Python 3.13.3 on win32)" generated="2025-05-19T14:10:39.652256" rpa="false" schemaversion="5">
<suite id="s1" name="TestCases" source="C:\robot_POM\TestCases">
<suite id="s1-s1" name="LoginPageTest" source="C:\robot_POM\TestCases\LoginPageTest.robot">
<test id="s1-s1-t1" name="validate unsucessful login for black password" line="18">
<kw name="open the browser with url" owner="GenericResources" type="SETUP">
<kw name="Open Browser" owner="SeleniumLibrary">
<msg time="2025-05-19T14:10:40.441873" level="INFO">Opening browser 'chrome' to base url 'https://opensource-demo.orangehrmlive.com/web/index.php/auth/login'.</msg>
<arg>${url}</arg>
<arg>${browser}</arg>
<doc>Opens a new browser instance to the optional ``url``.</doc>
<status status="PASS" start="2025-05-19T14:10:40.441145" elapsed="13.639804"/>
</kw>
<kw name="Maximize Browser Window" owner="SeleniumLibrary">
<doc>Maximizes current browser window.</doc>
<status status="PASS" start="2025-05-19T14:10:54.081559" elapsed="0.089166"/>
</kw>
<kw name="Set Selenium Implicit Wait" owner="SeleniumLibrary">
<arg>5</arg>
<doc>Sets the implicit wait value used by Selenium.</doc>
<status status="PASS" start="2025-05-19T14:10:54.171193" elapsed="0.003690"/>
</kw>
<status status="PASS" start="2025-05-19T14:10:40.439453" elapsed="13.737509"/>
</kw>
<kw name="fill the login form" owner="LoginResources">
<kw name="Input Text" owner="SeleniumLibrary">
<msg time="2025-05-19T14:10:54.181679" level="INFO">Typing text 'Admin' into text field 'xpath=//input[@name='username']'.</msg>
<arg>xpath=//input[@name='username']</arg>
<arg>${un}</arg>
<doc>Types the given ``text`` into the text field identified by ``locator``.</doc>
<status status="PASS" start="2025-05-19T14:10:54.180043" elapsed="0.524520"/>
</kw>
<kw name="Input Password" owner="SeleniumLibrary">
<msg time="2025-05-19T14:10:54.705411" level="INFO">Typing password into text field 'xpath=//input[@name='password']'.</msg>
<msg time="2025-05-19T14:10:54.761310" level="INFO">Temporally setting log level to: NONE</msg>
<arg>xpath=//input[@name='password']</arg>
<arg>${pw}</arg>
<doc>Types the given password into the text field identified by ``locator``.</doc>
<status status="PASS" start="2025-05-19T14:10:54.704889" elapsed="0.129203"/>
</kw>
<kw name="Click Button" owner="SeleniumLibrary">
<msg time="2025-05-19T14:10:54.834854" level="INFO">Clicking button 'xpath=//button[@class='oxd-button oxd-button--medium oxd-button--main orangehrm-login-button']'.</msg>
<arg>xpath=//button[@class='oxd-button oxd-button--medium oxd-button--main orangehrm-login-button']</arg>
<doc>Clicks the button identified by ``locator``.</doc>
<status status="PASS" start="2025-05-19T14:10:54.834389" elapsed="0.151930"/>
</kw>
<kw name="Sleep" owner="BuiltIn">
<msg time="2025-05-19T14:10:59.987768" level="INFO">Slept 5 seconds.</msg>
<arg>5</arg>
<doc>Pauses the test executed for the given time.</doc>
<status status="PASS" start="2025-05-19T14:10:54.986599" elapsed="5.001419"/>
</kw>
<arg>${valid_un}</arg>
<arg>${blank_pw}</arg>
<status status="PASS" start="2025-05-19T14:10:54.178648" elapsed="5.809648"/>
</kw>
<kw name="verify the error message is displayed for password" owner="LoginResources">
<kw name="Element Text Should Be" owner="SeleniumLibrary">
<msg time="2025-05-19T14:10:59.989930" level="INFO">Verifying element 'xpath=//div[@class='oxd-input-group oxd-input-field-bottom-space']/span' contains exact text 'Required'.</msg>
<arg>${missing-password}</arg>
<arg>Required</arg>
<doc>Verifies that element ``locator`` contains exact the text ``expected``.</doc>
<status status="PASS" start="2025-05-19T14:10:59.989382" elapsed="0.051980"/>
</kw>
<status status="PASS" start="2025-05-19T14:10:59.988734" elapsed="0.052908"/>
</kw>
<kw name="close the browser session" owner="GenericResources" type="TEARDOWN">
<kw name="Close Browser" owner="SeleniumLibrary">
<doc>Closes the current browser.</doc>
<status status="PASS" start="2025-05-19T14:11:00.043538" elapsed="2.236348"/>
</kw>
<status status="PASS" start="2025-05-19T14:11:00.042276" elapsed="2.237912"/>
</kw>
<status status="PASS" start="2025-05-19T14:10:40.437847" elapsed="21.842472"/>
</test>
<status status="PASS" start="2025-05-19T14:10:39.710486" elapsed="22.570877"/>
</suite>
<status status="PASS" start="2025-05-19T14:10:39.687219" elapsed="22.596074"/>
</suite>
<statistics>
<total>
<stat pass="1" fail="0" skip="0">All Tests</stat>
</total>
<tag>
</tag>
<suite>
<stat name="TestCases" id="s1" pass="1" fail="0" skip="0">TestCases</stat>
<stat name="LoginPageTest" id="s1-s1" pass="1" fail="0" skip="0">TestCases.LoginPageTest</stat>
</suite>
</statistics>
<errors>
</errors>
</robot>
