<?xml version="1.0" encoding="UTF-8"?>
<robot generator="Robot 7.2.2 (Python 3.13.3 on win32)" generated="2025-05-19T14:10:39.643839" rpa="false" schemaversion="5">
<suite id="s1" name="TestCases" source="C:\robot_POM\TestCases">
<suite id="s1-s1" name="LoginPageTest" source="C:\robot_POM\TestCases\LoginPageTest.robot">
<test id="s1-s1-t1" name="validate successful login" line="22">
<kw name="open the browser with url" owner="GenericResources" type="SETUP">
<kw name="Open Browser" owner="SeleniumLibrary">
<msg time="2025-05-19T14:10:40.445289" level="INFO">Opening browser 'chrome' to base url 'https://opensource-demo.orangehrmlive.com/web/index.php/auth/login'.</msg>
<arg>${url}</arg>
<arg>${browser}</arg>
<doc>Opens a new browser instance to the optional ``url``.</doc>
<status status="PASS" start="2025-05-19T14:10:40.444677" elapsed="13.215311"/>
</kw>
<kw name="Maximize Browser Window" owner="SeleniumLibrary">
<doc>Maximizes current browser window.</doc>
<status status="PASS" start="2025-05-19T14:10:53.660575" elapsed="0.045117"/>
</kw>
<kw name="Set Selenium Implicit Wait" owner="SeleniumLibrary">
<arg>5</arg>
<doc>Sets the implicit wait value used by Selenium.</doc>
<status status="PASS" start="2025-05-19T14:10:53.706012" elapsed="0.002118"/>
</kw>
<status status="PASS" start="2025-05-19T14:10:40.442956" elapsed="13.265357"/>
</kw>
<kw name="fill the login form" owner="LoginResources">
<kw name="Input Text" owner="SeleniumLibrary">
<msg time="2025-05-19T14:10:53.712537" level="INFO">Typing text 'Admin' into text field 'xpath=//input[@name='username']'.</msg>
<arg>xpath=//input[@name='username']</arg>
<arg>${un}</arg>
<doc>Types the given ``text`` into the text field identified by ``locator``.</doc>
<status status="PASS" start="2025-05-19T14:10:53.711442" elapsed="0.591915"/>
</kw>
<kw name="Input Password" owner="SeleniumLibrary">
<msg time="2025-05-19T14:10:54.304332" level="INFO">Typing password into text field 'xpath=//input[@name='password']'.</msg>
<msg time="2025-05-19T14:10:54.365103" level="INFO">Temporally setting log level to: NONE</msg>
<arg>xpath=//input[@name='password']</arg>
<arg>${pw}</arg>
<doc>Types the given password into the text field identified by ``locator``.</doc>
<status status="PASS" start="2025-05-19T14:10:54.303737" elapsed="0.149002"/>
</kw>
<kw name="Click Button" owner="SeleniumLibrary">
<msg time="2025-05-19T14:10:54.453403" level="INFO">Clicking button 'xpath=//button[@class='oxd-button oxd-button--medium oxd-button--main orangehrm-login-button']'.</msg>
<arg>xpath=//button[@class='oxd-button oxd-button--medium oxd-button--main orangehrm-login-button']</arg>
<doc>Clicks the button identified by ``locator``.</doc>
<status status="PASS" start="2025-05-19T14:10:54.453027" elapsed="0.127800"/>
</kw>
<kw name="Sleep" owner="BuiltIn">
<msg time="2025-05-19T14:10:59.582186" level="INFO">Slept 5 seconds.</msg>
<arg>5</arg>
<doc>Pauses the test executed for the given time.</doc>
<status status="PASS" start="2025-05-19T14:10:54.581200" elapsed="5.001246"/>
</kw>
<arg>${valid_un}</arg>
<arg>${valid_pw}</arg>
<status status="PASS" start="2025-05-19T14:10:53.709273" elapsed="5.873385"/>
</kw>
<kw name="Sleep" owner="BuiltIn">
<msg time="2025-05-19T14:11:04.584080" level="INFO">Slept 5 seconds.</msg>
<arg>5</arg>
<doc>Pauses the test executed for the given time.</doc>
<status status="PASS" start="2025-05-19T14:10:59.582898" elapsed="5.001461"/>
</kw>
<kw name="verify dashboard page opens" owner="DashboardResources">
<kw name="Element Text Should Be" owner="SeleniumLibrary">
<msg time="2025-05-19T14:11:04.585708" level="INFO">Verifying element 'xpath=//h6' contains exact text 'Dashboard'.</msg>
<arg>${dash_title}</arg>
<arg>Dashboard</arg>
<doc>Verifies that element ``locator`` contains exact the text ``expected``.</doc>
<status status="PASS" start="2025-05-19T14:11:04.585359" elapsed="0.034455"/>
</kw>
<status status="PASS" start="2025-05-19T14:11:04.584808" elapsed="0.035207"/>
</kw>
<kw name="close the browser session" owner="GenericResources" type="TEARDOWN">
<kw name="Close Browser" owner="SeleniumLibrary">
<doc>Closes the current browser.</doc>
<status status="PASS" start="2025-05-19T14:11:04.621172" elapsed="2.295822"/>
</kw>
<status status="PASS" start="2025-05-19T14:11:04.620612" elapsed="2.296707"/>
</kw>
<status status="PASS" start="2025-05-19T14:10:40.441504" elapsed="26.475934"/>
</test>
<status status="PASS" start="2025-05-19T14:10:39.702487" elapsed="27.215870"/>
</suite>
<status status="PASS" start="2025-05-19T14:10:39.679810" elapsed="27.240885"/>
</suite>
<statistics>
<total>
<stat pass="1" fail="0" skip="0">All Tests</stat>
</total>
<tag>
</tag>
<suite>
<stat name="TestCases" id="s1" pass="1" fail="0" skip="0">TestCases</stat>
<stat name="LoginPageTest" id="s1-s1" pass="1" fail="0" skip="0">TestCases.LoginPageTest</stat>
</suite>
</statistics>
<errors>
</errors>
</robot>
