<?xml version="1.0" encoding="UTF-8"?>
<robot generator="Robot 7.2.2 (Python 3.13.3 on win32)" generated="2025-05-20T23:19:33.782244" rpa="false" schemaversion="5">
<suite id="s1" name="Tests" source="C:\robot_POM\SauceDemo_project\Tests">
<suite id="s1-s1" name="BrokenLinkTest" source="C:\robot_POM\SauceDemo_project\Tests\BrokenLinkTest.robot">
<test id="s1-s1-t1" name="Verify All Links Are Valid" line="11">
<kw name="Open the browser with url" owner="GenericResource">
<kw name="Evaluate" owner="BuiltIn">
<msg time="2025-05-20T23:19:34.890147" level="INFO">${options} = &lt;selenium.webdriver.chrome.options.Options object at 0x000002A1BB5CC6E0&gt;</msg>
<var>${options}</var>
<arg>sys.modules['selenium.webdriver'].ChromeOptions()</arg>
<arg>sys, selenium.webdriver</arg>
<doc>Evaluates the given expression in Python and returns the result.</doc>
<status status="PASS" start="2025-05-20T23:19:34.888632" elapsed="0.001793"/>
</kw>
<kw name="Call Method" owner="BuiltIn">
<arg>${options}</arg>
<arg>add_argument</arg>
<arg>--incognito</arg>
<doc>Calls the named method of the given object with the provided arguments.</doc>
<status status="PASS" start="2025-05-20T23:19:34.891017" elapsed="0.000449"/>
</kw>
<kw name="Create Webdriver" owner="SeleniumLibrary">
<msg time="2025-05-20T23:19:34.893056" level="INFO">Creating an instance of the Chrome WebDriver.</msg>
<arg>Chrome</arg>
<arg>options=${options}</arg>
<doc>Creates an instance of Selenium WebDriver.</doc>
<status status="PASS" start="2025-05-20T23:19:34.892466" elapsed="1.623654"/>
</kw>
<kw name="Go To" owner="SeleniumLibrary">
<msg time="2025-05-20T23:19:36.517087" level="INFO">Opening url 'https://www.saucedemo.com/'</msg>
<arg>${url}</arg>
<doc>Navigates the current browser window to the provided ``url``.</doc>
<status status="PASS" start="2025-05-20T23:19:36.516639" elapsed="0.508644"/>
</kw>
<kw name="Maximize Browser Window" owner="SeleniumLibrary">
<doc>Maximizes current browser window.</doc>
<status status="PASS" start="2025-05-20T23:19:37.025661" elapsed="0.042320"/>
</kw>
<kw name="Set Selenium Implicit Wait" owner="SeleniumLibrary">
<arg>5</arg>
<doc>Sets the implicit wait value used by Selenium.</doc>
<status status="PASS" start="2025-05-20T23:19:37.068483" elapsed="0.002513"/>
</kw>
<status status="PASS" start="2025-05-20T23:19:34.881782" elapsed="2.189489"/>
</kw>
<kw name="Login with valid user id" owner="GenericResource">
<kw name="Input Text" owner="SeleniumLibrary">
<msg time="2025-05-20T23:19:37.073561" level="INFO">Typing text 'standard_user' into text field 'name=user-name'.</msg>
<arg>${username_input_feild}</arg>
<arg>${base_user}</arg>
<doc>Types the given ``text`` into the text field identified by ``locator``.</doc>
<status status="PASS" start="2025-05-20T23:19:37.072491" elapsed="0.224115"/>
</kw>
<kw name="Input Password" owner="SeleniumLibrary">
<msg time="2025-05-20T23:19:37.298221" level="INFO">Typing password into text field 'name=password'.</msg>
<msg time="2025-05-20T23:19:37.370299" level="INFO">Temporally setting log level to: NONE</msg>
<arg>${password_input_feild}</arg>
<arg>${base_pass}</arg>
<doc>Types the given password into the text field identified by ``locator``.</doc>
<status status="PASS" start="2025-05-20T23:19:37.297252" elapsed="0.170538"/>
</kw>
<kw name="Click Button" owner="SeleniumLibrary">
<msg time="2025-05-20T23:19:37.468379" level="INFO">Clicking button 'id=login-button'.</msg>
<arg>${loginbtn}</arg>
<doc>Clicks the button identified by ``locator``.</doc>
<status status="PASS" start="2025-05-20T23:19:37.468087" elapsed="0.175978"/>
</kw>
<status status="PASS" start="2025-05-20T23:19:37.071965" elapsed="0.572460"/>
</kw>
<kw name="Check And Log Broken Links">
<kw name="Get All Links">
<kw name="Get WebElements" owner="SeleniumLibrary">
<msg time="2025-05-20T23:19:37.671860" level="INFO">@{elements} = [ &lt;selenium.webdriver.remote.webelement.WebElement (session="b0e3f43a8787baa6af6ef9fc2ca90b2d", element="f.3F9CF79DA16C448FBDC5DB257F1D31D4.d.49720B6324C0C2EED5AA806C172F3B6E.e.27")&gt; | &lt;selenium.webdr...</msg>
<var>@{elements}</var>
<arg>${TAG_LINK}</arg>
<doc>Returns a list of WebElement objects matching the ``locator``.</doc>
<status status="PASS" start="2025-05-20T23:19:37.647756" elapsed="0.024190"/>
</kw>
<kw name="Create List" owner="BuiltIn">
<msg time="2025-05-20T23:19:37.672446" level="INFO">${links} = []</msg>
<var>${links}</var>
<doc>Returns a list containing given items.</doc>
<status status="PASS" start="2025-05-20T23:19:37.672240" elapsed="0.000242"/>
</kw>
<for flavor="IN">
<iter>
<kw name="Get Element Attribute" owner="SeleniumLibrary">
<msg time="2025-05-20T23:19:37.686626" level="INFO">${href} = https://www.saucedemo.com/inventory.html#</msg>
<var>${href}</var>
<arg>${el}</arg>
<arg>href</arg>
<doc>Returns the value of ``attribute`` from the element ``locator``.</doc>
<status status="PASS" start="2025-05-20T23:19:37.673062" elapsed="0.013679"/>
</kw>
<kw name="Run Keyword And Return Status" owner="BuiltIn">
<kw name="Should Match Regexp" owner="BuiltIn">
<msg time="2025-05-20T23:19:37.688859" level="FAIL">'https://www.saucedemo.com/inventory.html#' does not match '^#|^javascript:|^mailto:|^tel:'</msg>
<arg>${href}</arg>
<arg>${IGNORE_PATTERNS}</arg>
<doc>Fails if ``string`` does not match ``pattern`` as a regular expression.</doc>
<status status="FAIL" start="2025-05-20T23:19:37.687780" elapsed="0.001591">'https://www.saucedemo.com/inventory.html#' does not match '^#|^javascript:|^mailto:|^tel:'</status>
</kw>
<msg time="2025-05-20T23:19:37.689726" level="INFO">${should_ignore} = False</msg>
<var>${should_ignore}</var>
<arg>Should Match Regexp</arg>
<arg>${href}</arg>
<arg>${IGNORE_PATTERNS}</arg>
<doc>Runs the given keyword with given arguments and returns the status as a Boolean value.</doc>
<status status="PASS" start="2025-05-20T23:19:37.687240" elapsed="0.002550"/>
</kw>
<kw name="Continue For Loop If" owner="BuiltIn">
<arg>'${href}' in ['None', ''] or ${should_ignore}</arg>
<doc>Skips the current FOR loop iteration if the ``condition`` is true.</doc>
<status status="PASS" start="2025-05-20T23:19:37.690215" elapsed="0.000769"/>
</kw>
<kw name="Set Variable If" owner="BuiltIn">
<msg time="2025-05-20T23:19:37.692065" level="INFO">${full_url} = https://www.saucedemo.com/inventory.html#</msg>
<var>${full_url}</var>
<arg>'${href}'.startswith('http')</arg>
<arg>${href}</arg>
<arg>${BASE_URL}${href}</arg>
<doc>Sets variable based on the given condition.</doc>
<status status="PASS" start="2025-05-20T23:19:37.691435" elapsed="0.000713"/>
</kw>
<kw name="Append To List" owner="Collections">
<arg>${links}</arg>
<arg>${full_url}</arg>
<doc>Adds ``values`` to the end of ``list``.</doc>
<status status="PASS" start="2025-05-20T23:19:37.692533" elapsed="0.000408"/>
</kw>
<var name="${el}">&lt;selenium.webdriver.remote.webelement.WebElement (session="b0e3f43a8787baa6af6ef9fc2ca90b2d", element="f.3F9CF79DA16C448FBDC5DB257F1D31D4.d.49720B6324C0C2EED5AA806C172F3B6E.e.27")&gt;</var>
<status status="PASS" start="2025-05-20T23:19:37.672895" elapsed="0.020165"/>
</iter>
<iter>
<kw name="Get Element Attribute" owner="SeleniumLibrary">
<msg time="2025-05-20T23:19:37.707519" level="INFO">${href} = https://saucelabs.com/</msg>
<var>${href}</var>
<arg>${el}</arg>
<arg>href</arg>
<doc>Returns the value of ``attribute`` from the element ``locator``.</doc>
<status status="PASS" start="2025-05-20T23:19:37.693851" elapsed="0.013781"/>
</kw>
<kw name="Run Keyword And Return Status" owner="BuiltIn">
<kw name="Should Match Regexp" owner="BuiltIn">
<msg time="2025-05-20T23:19:37.708850" level="FAIL">'https://saucelabs.com/' does not match '^#|^javascript:|^mailto:|^tel:'</msg>
<arg>${href}</arg>
<arg>${IGNORE_PATTERNS}</arg>
<doc>Fails if ``string`` does not match ``pattern`` as a regular expression.</doc>
<status status="FAIL" start="2025-05-20T23:19:37.708414" elapsed="0.000625">'https://saucelabs.com/' does not match '^#|^javascript:|^mailto:|^tel:'</status>
</kw>
<msg time="2025-05-20T23:19:37.709236" level="INFO">${should_ignore} = False</msg>
<var>${should_ignore}</var>
<arg>Should Match Regexp</arg>
<arg>${href}</arg>
<arg>${IGNORE_PATTERNS}</arg>
<doc>Runs the given keyword with given arguments and returns the status as a Boolean value.</doc>
<status status="PASS" start="2025-05-20T23:19:37.708042" elapsed="0.001561"/>
</kw>
<kw name="Continue For Loop If" owner="BuiltIn">
<arg>'${href}' in ['None', ''] or ${should_ignore}</arg>
<doc>Skips the current FOR loop iteration if the ``condition`` is true.</doc>
<status status="PASS" start="2025-05-20T23:19:37.709827" elapsed="0.000403"/>
</kw>
<kw name="Set Variable If" owner="BuiltIn">
<msg time="2025-05-20T23:19:37.710774" level="INFO">${full_url} = https://saucelabs.com/</msg>
<var>${full_url}</var>
<arg>'${href}'.startswith('http')</arg>
<arg>${href}</arg>
<arg>${BASE_URL}${href}</arg>
<doc>Sets variable based on the given condition.</doc>
<status status="PASS" start="2025-05-20T23:19:37.710438" elapsed="0.000385"/>
</kw>
<kw name="Append To List" owner="Collections">
<arg>${links}</arg>
<arg>${full_url}</arg>
<doc>Adds ``values`` to the end of ``list``.</doc>
<status status="PASS" start="2025-05-20T23:19:37.711013" elapsed="0.000234"/>
</kw>
<var name="${el}">&lt;selenium.webdriver.remote.webelement.WebElement (session="b0e3f43a8787baa6af6ef9fc2ca90b2d", element="f.3F9CF79DA16C448FBDC5DB257F1D31D4.d.49720B6324C0C2EED5AA806C172F3B6E.e.28")&gt;</var>
<status status="PASS" start="2025-05-20T23:19:37.693462" elapsed="0.017871"/>
</iter>
<iter>
<kw name="Get Element Attribute" owner="SeleniumLibrary">
<msg time="2025-05-20T23:19:37.723926" level="INFO">${href} = https://www.saucedemo.com/inventory.html#</msg>
<var>${href}</var>
<arg>${el}</arg>
<arg>href</arg>
<doc>Returns the value of ``attribute`` from the element ``locator``.</doc>
<status status="PASS" start="2025-05-20T23:19:37.711764" elapsed="0.012237"/>
</kw>
<kw name="Run Keyword And Return Status" owner="BuiltIn">
<kw name="Should Match Regexp" owner="BuiltIn">
<msg time="2025-05-20T23:19:37.725011" level="FAIL">'https://www.saucedemo.com/inventory.html#' does not match '^#|^javascript:|^mailto:|^tel:'</msg>
<arg>${href}</arg>
<arg>${IGNORE_PATTERNS}</arg>
<doc>Fails if ``string`` does not match ``pattern`` as a regular expression.</doc>
<status status="FAIL" start="2025-05-20T23:19:37.724658" elapsed="0.000466">'https://www.saucedemo.com/inventory.html#' does not match '^#|^javascript:|^mailto:|^tel:'</status>
</kw>
<msg time="2025-05-20T23:19:37.725299" level="INFO">${should_ignore} = False</msg>
<var>${should_ignore}</var>
<arg>Should Match Regexp</arg>
<arg>${href}</arg>
<arg>${IGNORE_PATTERNS}</arg>
<doc>Runs the given keyword with given arguments and returns the status as a Boolean value.</doc>
<status status="PASS" start="2025-05-20T23:19:37.724353" elapsed="0.000982"/>
</kw>
<kw name="Continue For Loop If" owner="BuiltIn">
<arg>'${href}' in ['None', ''] or ${should_ignore}</arg>
<doc>Skips the current FOR loop iteration if the ``condition`` is true.</doc>
<status status="PASS" start="2025-05-20T23:19:37.725539" elapsed="0.000423"/>
</kw>
<kw name="Set Variable If" owner="BuiltIn">
<msg time="2025-05-20T23:19:37.726584" level="INFO">${full_url} = https://www.saucedemo.com/inventory.html#</msg>
<var>${full_url}</var>
<arg>'${href}'.startswith('http')</arg>
<arg>${href}</arg>
<arg>${BASE_URL}${href}</arg>
<doc>Sets variable based on the given condition.</doc>
<status status="PASS" start="2025-05-20T23:19:37.726232" elapsed="0.000395"/>
</kw>
<kw name="Append To List" owner="Collections">
<arg>${links}</arg>
<arg>${full_url}</arg>
<doc>Adds ``values`` to the end of ``list``.</doc>
<status status="PASS" start="2025-05-20T23:19:37.726800" elapsed="0.000203"/>
</kw>
<var name="${el}">&lt;selenium.webdriver.remote.webelement.WebElement (session="b0e3f43a8787baa6af6ef9fc2ca90b2d", element="f.3F9CF79DA16C448FBDC5DB257F1D31D4.d.49720B6324C0C2EED5AA806C172F3B6E.e.29")&gt;</var>
<status status="PASS" start="2025-05-20T23:19:37.711593" elapsed="0.015473"/>
</iter>
<iter>
<kw name="Get Element Attribute" owner="SeleniumLibrary">
<msg time="2025-05-20T23:19:37.739688" level="INFO">${href} = https://www.saucedemo.com/inventory.html#</msg>
<var>${href}</var>
<arg>${el}</arg>
<arg>href</arg>
<doc>Returns the value of ``attribute`` from the element ``locator``.</doc>
<status status="PASS" start="2025-05-20T23:19:37.727425" elapsed="0.012351"/>
</kw>
<kw name="Run Keyword And Return Status" owner="BuiltIn">
<kw name="Should Match Regexp" owner="BuiltIn">
<msg time="2025-05-20T23:19:37.740709" level="FAIL">'https://www.saucedemo.com/inventory.html#' does not match '^#|^javascript:|^mailto:|^tel:'</msg>
<arg>${href}</arg>
<arg>${IGNORE_PATTERNS}</arg>
<doc>Fails if ``string`` does not match ``pattern`` as a regular expression.</doc>
<status status="FAIL" start="2025-05-20T23:19:37.740383" elapsed="0.000458">'https://www.saucedemo.com/inventory.html#' does not match '^#|^javascript:|^mailto:|^tel:'</status>
</kw>
<msg time="2025-05-20T23:19:37.741031" level="INFO">${should_ignore} = False</msg>
<var>${should_ignore}</var>
<arg>Should Match Regexp</arg>
<arg>${href}</arg>
<arg>${IGNORE_PATTERNS}</arg>
<doc>Runs the given keyword with given arguments and returns the status as a Boolean value.</doc>
<status status="PASS" start="2025-05-20T23:19:37.740106" elapsed="0.000961"/>
</kw>
<kw name="Continue For Loop If" owner="BuiltIn">
<arg>'${href}' in ['None', ''] or ${should_ignore}</arg>
<doc>Skips the current FOR loop iteration if the ``condition`` is true.</doc>
<status status="PASS" start="2025-05-20T23:19:37.741345" elapsed="0.000479"/>
</kw>
<kw name="Set Variable If" owner="BuiltIn">
<msg time="2025-05-20T23:19:37.742708" level="INFO">${full_url} = https://www.saucedemo.com/inventory.html#</msg>
<var>${full_url}</var>
<arg>'${href}'.startswith('http')</arg>
<arg>${href}</arg>
<arg>${BASE_URL}${href}</arg>
<doc>Sets variable based on the given condition.</doc>
<status status="PASS" start="2025-05-20T23:19:37.742107" elapsed="0.000687"/>
</kw>
<kw name="Append To List" owner="Collections">
<arg>${links}</arg>
<arg>${full_url}</arg>
<doc>Adds ``values`` to the end of ``list``.</doc>
<status status="PASS" start="2025-05-20T23:19:37.743116" elapsed="0.000344"/>
</kw>
<var name="${el}">&lt;selenium.webdriver.remote.webelement.WebElement (session="b0e3f43a8787baa6af6ef9fc2ca90b2d", element="f.3F9CF79DA16C448FBDC5DB257F1D31D4.d.49720B6324C0C2EED5AA806C172F3B6E.e.30")&gt;</var>
<status status="PASS" start="2025-05-20T23:19:37.727252" elapsed="0.016298"/>
</iter>
<iter>
<kw name="Get Element Attribute" owner="SeleniumLibrary">
<msg time="2025-05-20T23:19:37.754040" level="INFO">${href} = None</msg>
<var>${href}</var>
<arg>${el}</arg>
<arg>href</arg>
<doc>Returns the value of ``attribute`` from the element ``locator``.</doc>
<status status="PASS" start="2025-05-20T23:19:37.744020" elapsed="0.010093"/>
</kw>
<kw name="Run Keyword And Return Status" owner="BuiltIn">
<kw name="Should Match Regexp" owner="BuiltIn">
<msg time="2025-05-20T23:19:37.754904" level="FAIL">TypeError: expected string or bytes-like object, got 'NoneType'</msg>
<arg>${href}</arg>
<arg>${IGNORE_PATTERNS}</arg>
<doc>Fails if ``string`` does not match ``pattern`` as a regular expression.</doc>
<status status="FAIL" start="2025-05-20T23:19:37.754618" elapsed="0.001866">TypeError: expected string or bytes-like object, got 'NoneType'</status>
</kw>
<msg time="2025-05-20T23:19:37.756723" level="INFO">${should_ignore} = False</msg>
<var>${should_ignore}</var>
<arg>Should Match Regexp</arg>
<arg>${href}</arg>
<arg>${IGNORE_PATTERNS}</arg>
<doc>Runs the given keyword with given arguments and returns the status as a Boolean value.</doc>
<status status="PASS" start="2025-05-20T23:19:37.754387" elapsed="0.002379"/>
</kw>
<kw name="Continue For Loop If" owner="BuiltIn">
<msg time="2025-05-20T23:19:37.757322" level="INFO">Continuing for loop from the next iteration.</msg>
<arg>'${href}' in ['None', ''] or ${should_ignore}</arg>
<doc>Skips the current FOR loop iteration if the ``condition`` is true.</doc>
<status status="PASS" start="2025-05-20T23:19:37.756986" elapsed="0.000435"/>
</kw>
<kw name="Set Variable If" owner="BuiltIn">
<var>${full_url}</var>
<arg>'${href}'.startswith('http')</arg>
<arg>${href}</arg>
<arg>${BASE_URL}${href}</arg>
<doc>Sets variable based on the given condition.</doc>
<status status="NOT RUN" start="2025-05-20T23:19:37.757788" elapsed="0.000045"/>
</kw>
<kw name="Append To List" owner="Collections">
<arg>${links}</arg>
<arg>${full_url}</arg>
<doc>Adds ``values`` to the end of ``list``.</doc>
<status status="NOT RUN" start="2025-05-20T23:19:37.757963" elapsed="0.000034"/>
</kw>
<var name="${el}">&lt;selenium.webdriver.remote.webelement.WebElement (session="b0e3f43a8787baa6af6ef9fc2ca90b2d", element="f.3F9CF79DA16C448FBDC5DB257F1D31D4.d.49720B6324C0C2EED5AA806C172F3B6E.e.31")&gt;</var>
<status status="PASS" start="2025-05-20T23:19:37.743809" elapsed="0.014243"/>
</iter>
<iter>
<kw name="Get Element Attribute" owner="SeleniumLibrary">
<msg time="2025-05-20T23:19:37.768116" level="INFO">${href} = https://www.saucedemo.com/inventory.html#</msg>
<var>${href}</var>
<arg>${el}</arg>
<arg>href</arg>
<doc>Returns the value of ``attribute`` from the element ``locator``.</doc>
<status status="PASS" start="2025-05-20T23:19:37.758374" elapsed="0.009821"/>
</kw>
<kw name="Run Keyword And Return Status" owner="BuiltIn">
<kw name="Should Match Regexp" owner="BuiltIn">
<msg time="2025-05-20T23:19:37.768991" level="FAIL">'https://www.saucedemo.com/inventory.html#' does not match '^#|^javascript:|^mailto:|^tel:'</msg>
<arg>${href}</arg>
<arg>${IGNORE_PATTERNS}</arg>
<doc>Fails if ``string`` does not match ``pattern`` as a regular expression.</doc>
<status status="FAIL" start="2025-05-20T23:19:37.768739" elapsed="0.000342">'https://www.saucedemo.com/inventory.html#' does not match '^#|^javascript:|^mailto:|^tel:'</status>
</kw>
<msg time="2025-05-20T23:19:37.769204" level="INFO">${should_ignore} = False</msg>
<var>${should_ignore}</var>
<arg>Should Match Regexp</arg>
<arg>${href}</arg>
<arg>${IGNORE_PATTERNS}</arg>
<doc>Runs the given keyword with given arguments and returns the status as a Boolean value.</doc>
<status status="PASS" start="2025-05-20T23:19:37.768513" elapsed="0.000724"/>
</kw>
<kw name="Continue For Loop If" owner="BuiltIn">
<arg>'${href}' in ['None', ''] or ${should_ignore}</arg>
<doc>Skips the current FOR loop iteration if the ``condition`` is true.</doc>
<status status="PASS" start="2025-05-20T23:19:37.769392" elapsed="0.000324"/>
</kw>
<kw name="Set Variable If" owner="BuiltIn">
<msg time="2025-05-20T23:19:37.770142" level="INFO">${full_url} = https://www.saucedemo.com/inventory.html#</msg>
<var>${full_url}</var>
<arg>'${href}'.startswith('http')</arg>
<arg>${href}</arg>
<arg>${BASE_URL}${href}</arg>
<doc>Sets variable based on the given condition.</doc>
<status status="PASS" start="2025-05-20T23:19:37.769894" elapsed="0.000285"/>
</kw>
<kw name="Append To List" owner="Collections">
<arg>${links}</arg>
<arg>${full_url}</arg>
<doc>Adds ``values`` to the end of ``list``.</doc>
<status status="PASS" start="2025-05-20T23:19:37.770313" elapsed="0.000178"/>
</kw>
<var name="${el}">&lt;selenium.webdriver.remote.webelement.WebElement (session="b0e3f43a8787baa6af6ef9fc2ca90b2d", element="f.3F9CF79DA16C448FBDC5DB257F1D31D4.d.49720B6324C0C2EED5AA806C172F3B6E.e.32")&gt;</var>
<status status="PASS" start="2025-05-20T23:19:37.758248" elapsed="0.012303"/>
</iter>
<iter>
<kw name="Get Element Attribute" owner="SeleniumLibrary">
<msg time="2025-05-20T23:19:37.778826" level="INFO">${href} = https://www.saucedemo.com/inventory.html#</msg>
<var>${href}</var>
<arg>${el}</arg>
<arg>href</arg>
<doc>Returns the value of ``attribute`` from the element ``locator``.</doc>
<status status="PASS" start="2025-05-20T23:19:37.770832" elapsed="0.008056"/>
</kw>
<kw name="Run Keyword And Return Status" owner="BuiltIn">
<kw name="Should Match Regexp" owner="BuiltIn">
<msg time="2025-05-20T23:19:37.780622" level="FAIL">'https://www.saucedemo.com/inventory.html#' does not match '^#|^javascript:|^mailto:|^tel:'</msg>
<arg>${href}</arg>
<arg>${IGNORE_PATTERNS}</arg>
<doc>Fails if ``string`` does not match ``pattern`` as a regular expression.</doc>
<status status="FAIL" start="2025-05-20T23:19:37.779475" elapsed="0.001303">'https://www.saucedemo.com/inventory.html#' does not match '^#|^javascript:|^mailto:|^tel:'</status>
</kw>
<msg time="2025-05-20T23:19:37.780965" level="INFO">${should_ignore} = False</msg>
<var>${should_ignore}</var>
<arg>Should Match Regexp</arg>
<arg>${href}</arg>
<arg>${IGNORE_PATTERNS}</arg>
<doc>Runs the given keyword with given arguments and returns the status as a Boolean value.</doc>
<status status="PASS" start="2025-05-20T23:19:37.779143" elapsed="0.001859"/>
</kw>
<kw name="Continue For Loop If" owner="BuiltIn">
<arg>'${href}' in ['None', ''] or ${should_ignore}</arg>
<doc>Skips the current FOR loop iteration if the ``condition`` is true.</doc>
<status status="PASS" start="2025-05-20T23:19:37.781184" elapsed="0.000371"/>
</kw>
<kw name="Set Variable If" owner="BuiltIn">
<msg time="2025-05-20T23:19:37.782166" level="INFO">${full_url} = https://www.saucedemo.com/inventory.html#</msg>
<var>${full_url}</var>
<arg>'${href}'.startswith('http')</arg>
<arg>${href}</arg>
<arg>${BASE_URL}${href}</arg>
<doc>Sets variable based on the given condition.</doc>
<status status="PASS" start="2025-05-20T23:19:37.781781" elapsed="0.000450"/>
</kw>
<kw name="Append To List" owner="Collections">
<arg>${links}</arg>
<arg>${full_url}</arg>
<doc>Adds ``values`` to the end of ``list``.</doc>
<status status="PASS" start="2025-05-20T23:19:37.782457" elapsed="0.000247"/>
</kw>
<var name="${el}">&lt;selenium.webdriver.remote.webelement.WebElement (session="b0e3f43a8787baa6af6ef9fc2ca90b2d", element="f.3F9CF79DA16C448FBDC5DB257F1D31D4.d.49720B6324C0C2EED5AA806C172F3B6E.e.33")&gt;</var>
<status status="PASS" start="2025-05-20T23:19:37.770713" elapsed="0.012064"/>
</iter>
<iter>
<kw name="Get Element Attribute" owner="SeleniumLibrary">
<msg time="2025-05-20T23:19:37.791974" level="INFO">${href} = https://www.saucedemo.com/inventory.html#</msg>
<var>${href}</var>
<arg>${el}</arg>
<arg>href</arg>
<doc>Returns the value of ``attribute`` from the element ``locator``.</doc>
<status status="PASS" start="2025-05-20T23:19:37.783108" elapsed="0.008928"/>
</kw>
<kw name="Run Keyword And Return Status" owner="BuiltIn">
<kw name="Should Match Regexp" owner="BuiltIn">
<msg time="2025-05-20T23:19:37.793013" level="FAIL">'https://www.saucedemo.com/inventory.html#' does not match '^#|^javascript:|^mailto:|^tel:'</msg>
<arg>${href}</arg>
<arg>${IGNORE_PATTERNS}</arg>
<doc>Fails if ``string`` does not match ``pattern`` as a regular expression.</doc>
<status status="FAIL" start="2025-05-20T23:19:37.792668" elapsed="0.000514">'https://www.saucedemo.com/inventory.html#' does not match '^#|^javascript:|^mailto:|^tel:'</status>
</kw>
<msg time="2025-05-20T23:19:37.793398" level="INFO">${should_ignore} = False</msg>
<var>${should_ignore}</var>
<arg>Should Match Regexp</arg>
<arg>${href}</arg>
<arg>${IGNORE_PATTERNS}</arg>
<doc>Runs the given keyword with given arguments and returns the status as a Boolean value.</doc>
<status status="PASS" start="2025-05-20T23:19:37.792284" elapsed="0.001168"/>
</kw>
<kw name="Continue For Loop If" owner="BuiltIn">
<arg>'${href}' in ['None', ''] or ${should_ignore}</arg>
<doc>Skips the current FOR loop iteration if the ``condition`` is true.</doc>
<status status="PASS" start="2025-05-20T23:19:37.793672" elapsed="0.000355"/>
</kw>
<kw name="Set Variable If" owner="BuiltIn">
<msg time="2025-05-20T23:19:37.794510" level="INFO">${full_url} = https://www.saucedemo.com/inventory.html#</msg>
<var>${full_url}</var>
<arg>'${href}'.startswith('http')</arg>
<arg>${href}</arg>
<arg>${BASE_URL}${href}</arg>
<doc>Sets variable based on the given condition.</doc>
<status status="PASS" start="2025-05-20T23:19:37.794213" elapsed="0.000337"/>
</kw>
<kw name="Append To List" owner="Collections">
<arg>${links}</arg>
<arg>${full_url}</arg>
<doc>Adds ``values`` to the end of ``list``.</doc>
<status status="PASS" start="2025-05-20T23:19:37.794718" elapsed="0.000208"/>
</kw>
<var name="${el}">&lt;selenium.webdriver.remote.webelement.WebElement (session="b0e3f43a8787baa6af6ef9fc2ca90b2d", element="f.3F9CF79DA16C448FBDC5DB257F1D31D4.d.49720B6324C0C2EED5AA806C172F3B6E.e.34")&gt;</var>
<status status="PASS" start="2025-05-20T23:19:37.782953" elapsed="0.012179"/>
</iter>
<iter>
<kw name="Get Element Attribute" owner="SeleniumLibrary">
<msg time="2025-05-20T23:19:37.804261" level="INFO">${href} = https://www.saucedemo.com/inventory.html#</msg>
<var>${href}</var>
<arg>${el}</arg>
<arg>href</arg>
<doc>Returns the value of ``attribute`` from the element ``locator``.</doc>
<status status="PASS" start="2025-05-20T23:19:37.795455" elapsed="0.008868"/>
</kw>
<kw name="Run Keyword And Return Status" owner="BuiltIn">
<kw name="Should Match Regexp" owner="BuiltIn">
<msg time="2025-05-20T23:19:37.805105" level="FAIL">'https://www.saucedemo.com/inventory.html#' does not match '^#|^javascript:|^mailto:|^tel:'</msg>
<arg>${href}</arg>
<arg>${IGNORE_PATTERNS}</arg>
<doc>Fails if ``string`` does not match ``pattern`` as a regular expression.</doc>
<status status="FAIL" start="2025-05-20T23:19:37.804798" elapsed="0.000417">'https://www.saucedemo.com/inventory.html#' does not match '^#|^javascript:|^mailto:|^tel:'</status>
</kw>
<msg time="2025-05-20T23:19:37.805379" level="INFO">${should_ignore} = False</msg>
<var>${should_ignore}</var>
<arg>Should Match Regexp</arg>
<arg>${href}</arg>
<arg>${IGNORE_PATTERNS}</arg>
<doc>Runs the given keyword with given arguments and returns the status as a Boolean value.</doc>
<status status="PASS" start="2025-05-20T23:19:37.804563" elapsed="0.000854"/>
</kw>
<kw name="Continue For Loop If" owner="BuiltIn">
<arg>'${href}' in ['None', ''] or ${should_ignore}</arg>
<doc>Skips the current FOR loop iteration if the ``condition`` is true.</doc>
<status status="PASS" start="2025-05-20T23:19:37.805610" elapsed="0.000333"/>
</kw>
<kw name="Set Variable If" owner="BuiltIn">
<msg time="2025-05-20T23:19:37.806384" level="INFO">${full_url} = https://www.saucedemo.com/inventory.html#</msg>
<var>${full_url}</var>
<arg>'${href}'.startswith('http')</arg>
<arg>${href}</arg>
<arg>${BASE_URL}${href}</arg>
<doc>Sets variable based on the given condition.</doc>
<status status="PASS" start="2025-05-20T23:19:37.806124" elapsed="0.000299"/>
</kw>
<kw name="Append To List" owner="Collections">
<arg>${links}</arg>
<arg>${full_url}</arg>
<doc>Adds ``values`` to the end of ``list``.</doc>
<status status="PASS" start="2025-05-20T23:19:37.806578" elapsed="0.000193"/>
</kw>
<var name="${el}">&lt;selenium.webdriver.remote.webelement.WebElement (session="b0e3f43a8787baa6af6ef9fc2ca90b2d", element="f.3F9CF79DA16C448FBDC5DB257F1D31D4.d.49720B6324C0C2EED5AA806C172F3B6E.e.35")&gt;</var>
<status status="PASS" start="2025-05-20T23:19:37.795310" elapsed="0.011522"/>
</iter>
<iter>
<kw name="Get Element Attribute" owner="SeleniumLibrary">
<msg time="2025-05-20T23:19:37.816150" level="INFO">${href} = https://www.saucedemo.com/inventory.html#</msg>
<var>${href}</var>
<arg>${el}</arg>
<arg>href</arg>
<doc>Returns the value of ``attribute`` from the element ``locator``.</doc>
<status status="PASS" start="2025-05-20T23:19:37.807121" elapsed="0.009085"/>
</kw>
<kw name="Run Keyword And Return Status" owner="BuiltIn">
<kw name="Should Match Regexp" owner="BuiltIn">
<msg time="2025-05-20T23:19:37.816872" level="FAIL">'https://www.saucedemo.com/inventory.html#' does not match '^#|^javascript:|^mailto:|^tel:'</msg>
<arg>${href}</arg>
<arg>${IGNORE_PATTERNS}</arg>
<doc>Fails if ``string`` does not match ``pattern`` as a regular expression.</doc>
<status status="FAIL" start="2025-05-20T23:19:37.816629" elapsed="0.000331">'https://www.saucedemo.com/inventory.html#' does not match '^#|^javascript:|^mailto:|^tel:'</status>
</kw>
<msg time="2025-05-20T23:19:37.817079" level="INFO">${should_ignore} = False</msg>
<var>${should_ignore}</var>
<arg>Should Match Regexp</arg>
<arg>${href}</arg>
<arg>${IGNORE_PATTERNS}</arg>
<doc>Runs the given keyword with given arguments and returns the status as a Boolean value.</doc>
<status status="PASS" start="2025-05-20T23:19:37.816427" elapsed="0.000685"/>
</kw>
<kw name="Continue For Loop If" owner="BuiltIn">
<arg>'${href}' in ['None', ''] or ${should_ignore}</arg>
<doc>Skips the current FOR loop iteration if the ``condition`` is true.</doc>
<status status="PASS" start="2025-05-20T23:19:37.817248" elapsed="0.000258"/>
</kw>
<kw name="Set Variable If" owner="BuiltIn">
<msg time="2025-05-20T23:19:37.817883" level="INFO">${full_url} = https://www.saucedemo.com/inventory.html#</msg>
<var>${full_url}</var>
<arg>'${href}'.startswith('http')</arg>
<arg>${href}</arg>
<arg>${BASE_URL}${href}</arg>
<doc>Sets variable based on the given condition.</doc>
<status status="PASS" start="2025-05-20T23:19:37.817648" elapsed="0.000271"/>
</kw>
<kw name="Append To List" owner="Collections">
<arg>${links}</arg>
<arg>${full_url}</arg>
<doc>Adds ``values`` to the end of ``list``.</doc>
<status status="PASS" start="2025-05-20T23:19:37.818052" elapsed="0.000176"/>
</kw>
<var name="${el}">&lt;selenium.webdriver.remote.webelement.WebElement (session="b0e3f43a8787baa6af6ef9fc2ca90b2d", element="f.3F9CF79DA16C448FBDC5DB257F1D31D4.d.49720B6324C0C2EED5AA806C172F3B6E.e.36")&gt;</var>
<status status="PASS" start="2025-05-20T23:19:37.806997" elapsed="0.011290"/>
</iter>
<iter>
<kw name="Get Element Attribute" owner="SeleniumLibrary">
<msg time="2025-05-20T23:19:37.827828" level="INFO">${href} = https://www.saucedemo.com/inventory.html#</msg>
<var>${href}</var>
<arg>${el}</arg>
<arg>href</arg>
<doc>Returns the value of ``attribute`` from the element ``locator``.</doc>
<status status="PASS" start="2025-05-20T23:19:37.818578" elapsed="0.009350"/>
</kw>
<kw name="Run Keyword And Return Status" owner="BuiltIn">
<kw name="Should Match Regexp" owner="BuiltIn">
<msg time="2025-05-20T23:19:37.828941" level="FAIL">'https://www.saucedemo.com/inventory.html#' does not match '^#|^javascript:|^mailto:|^tel:'</msg>
<arg>${href}</arg>
<arg>${IGNORE_PATTERNS}</arg>
<doc>Fails if ``string`` does not match ``pattern`` as a regular expression.</doc>
<status status="FAIL" start="2025-05-20T23:19:37.828673" elapsed="0.000355">'https://www.saucedemo.com/inventory.html#' does not match '^#|^javascript:|^mailto:|^tel:'</status>
</kw>
<msg time="2025-05-20T23:19:37.829147" level="INFO">${should_ignore} = False</msg>
<var>${should_ignore}</var>
<arg>Should Match Regexp</arg>
<arg>${href}</arg>
<arg>${IGNORE_PATTERNS}</arg>
<doc>Runs the given keyword with given arguments and returns the status as a Boolean value.</doc>
<status status="PASS" start="2025-05-20T23:19:37.828300" elapsed="0.000880"/>
</kw>
<kw name="Continue For Loop If" owner="BuiltIn">
<arg>'${href}' in ['None', ''] or ${should_ignore}</arg>
<doc>Skips the current FOR loop iteration if the ``condition`` is true.</doc>
<status status="PASS" start="2025-05-20T23:19:37.829318" elapsed="0.000270"/>
</kw>
<kw name="Set Variable If" owner="BuiltIn">
<msg time="2025-05-20T23:19:37.829960" level="INFO">${full_url} = https://www.saucedemo.com/inventory.html#</msg>
<var>${full_url}</var>
<arg>'${href}'.startswith('http')</arg>
<arg>${href}</arg>
<arg>${BASE_URL}${href}</arg>
<doc>Sets variable based on the given condition.</doc>
<status status="PASS" start="2025-05-20T23:19:37.829728" elapsed="0.000287"/>
</kw>
<kw name="Append To List" owner="Collections">
<arg>${links}</arg>
<arg>${full_url}</arg>
<doc>Adds ``values`` to the end of ``list``.</doc>
<status status="PASS" start="2025-05-20T23:19:37.830233" elapsed="0.000271"/>
</kw>
<var name="${el}">&lt;selenium.webdriver.remote.webelement.WebElement (session="b0e3f43a8787baa6af6ef9fc2ca90b2d", element="f.3F9CF79DA16C448FBDC5DB257F1D31D4.d.49720B6324C0C2EED5AA806C172F3B6E.e.37")&gt;</var>
<status status="PASS" start="2025-05-20T23:19:37.818448" elapsed="0.012151"/>
</iter>
<iter>
<kw name="Get Element Attribute" owner="SeleniumLibrary">
<msg time="2025-05-20T23:19:37.840227" level="INFO">${href} = https://www.saucedemo.com/inventory.html#</msg>
<var>${href}</var>
<arg>${el}</arg>
<arg>href</arg>
<doc>Returns the value of ``attribute`` from the element ``locator``.</doc>
<status status="PASS" start="2025-05-20T23:19:37.831286" elapsed="0.008999"/>
</kw>
<kw name="Run Keyword And Return Status" owner="BuiltIn">
<kw name="Should Match Regexp" owner="BuiltIn">
<msg time="2025-05-20T23:19:37.840976" level="FAIL">'https://www.saucedemo.com/inventory.html#' does not match '^#|^javascript:|^mailto:|^tel:'</msg>
<arg>${href}</arg>
<arg>${IGNORE_PATTERNS}</arg>
<doc>Fails if ``string`` does not match ``pattern`` as a regular expression.</doc>
<status status="FAIL" start="2025-05-20T23:19:37.840720" elapsed="0.000347">'https://www.saucedemo.com/inventory.html#' does not match '^#|^javascript:|^mailto:|^tel:'</status>
</kw>
<msg time="2025-05-20T23:19:37.841188" level="INFO">${should_ignore} = False</msg>
<var>${should_ignore}</var>
<arg>Should Match Regexp</arg>
<arg>${href}</arg>
<arg>${IGNORE_PATTERNS}</arg>
<doc>Runs the given keyword with given arguments and returns the status as a Boolean value.</doc>
<status status="PASS" start="2025-05-20T23:19:37.840509" elapsed="0.000712"/>
</kw>
<kw name="Continue For Loop If" owner="BuiltIn">
<arg>'${href}' in ['None', ''] or ${should_ignore}</arg>
<doc>Skips the current FOR loop iteration if the ``condition`` is true.</doc>
<status status="PASS" start="2025-05-20T23:19:37.841358" elapsed="0.000269"/>
</kw>
<kw name="Set Variable If" owner="BuiltIn">
<msg time="2025-05-20T23:19:37.842012" level="INFO">${full_url} = https://www.saucedemo.com/inventory.html#</msg>
<var>${full_url}</var>
<arg>'${href}'.startswith('http')</arg>
<arg>${href}</arg>
<arg>${BASE_URL}${href}</arg>
<doc>Sets variable based on the given condition.</doc>
<status status="PASS" start="2025-05-20T23:19:37.841774" elapsed="0.000273"/>
</kw>
<kw name="Append To List" owner="Collections">
<arg>${links}</arg>
<arg>${full_url}</arg>
<doc>Adds ``values`` to the end of ``list``.</doc>
<status status="PASS" start="2025-05-20T23:19:37.842179" elapsed="0.000170"/>
</kw>
<var name="${el}">&lt;selenium.webdriver.remote.webelement.WebElement (session="b0e3f43a8787baa6af6ef9fc2ca90b2d", element="f.3F9CF79DA16C448FBDC5DB257F1D31D4.d.49720B6324C0C2EED5AA806C172F3B6E.e.38")&gt;</var>
<status status="PASS" start="2025-05-20T23:19:37.831032" elapsed="0.011377"/>
</iter>
<iter>
<kw name="Get Element Attribute" owner="SeleniumLibrary">
<msg time="2025-05-20T23:19:37.851764" level="INFO">${href} = https://www.saucedemo.com/inventory.html#</msg>
<var>${href}</var>
<arg>${el}</arg>
<arg>href</arg>
<doc>Returns the value of ``attribute`` from the element ``locator``.</doc>
<status status="PASS" start="2025-05-20T23:19:37.842690" elapsed="0.009135"/>
</kw>
<kw name="Run Keyword And Return Status" owner="BuiltIn">
<kw name="Should Match Regexp" owner="BuiltIn">
<msg time="2025-05-20T23:19:37.852517" level="FAIL">'https://www.saucedemo.com/inventory.html#' does not match '^#|^javascript:|^mailto:|^tel:'</msg>
<arg>${href}</arg>
<arg>${IGNORE_PATTERNS}</arg>
<doc>Fails if ``string`` does not match ``pattern`` as a regular expression.</doc>
<status status="FAIL" start="2025-05-20T23:19:37.852268" elapsed="0.000336">'https://www.saucedemo.com/inventory.html#' does not match '^#|^javascript:|^mailto:|^tel:'</status>
</kw>
<msg time="2025-05-20T23:19:37.852724" level="INFO">${should_ignore} = False</msg>
<var>${should_ignore}</var>
<arg>Should Match Regexp</arg>
<arg>${href}</arg>
<arg>${IGNORE_PATTERNS}</arg>
<doc>Runs the given keyword with given arguments and returns the status as a Boolean value.</doc>
<status status="PASS" start="2025-05-20T23:19:37.852051" elapsed="0.000706"/>
</kw>
<kw name="Continue For Loop If" owner="BuiltIn">
<arg>'${href}' in ['None', ''] or ${should_ignore}</arg>
<doc>Skips the current FOR loop iteration if the ``condition`` is true.</doc>
<status status="PASS" start="2025-05-20T23:19:37.852893" elapsed="0.000264"/>
</kw>
<kw name="Set Variable If" owner="BuiltIn">
<msg time="2025-05-20T23:19:37.853527" level="INFO">${full_url} = https://www.saucedemo.com/inventory.html#</msg>
<var>${full_url}</var>
<arg>'${href}'.startswith('http')</arg>
<arg>${href}</arg>
<arg>${BASE_URL}${href}</arg>
<doc>Sets variable based on the given condition.</doc>
<status status="PASS" start="2025-05-20T23:19:37.853298" elapsed="0.000264"/>
</kw>
<kw name="Append To List" owner="Collections">
<arg>${links}</arg>
<arg>${full_url}</arg>
<doc>Adds ``values`` to the end of ``list``.</doc>
<status status="PASS" start="2025-05-20T23:19:37.853693" elapsed="0.000166"/>
</kw>
<var name="${el}">&lt;selenium.webdriver.remote.webelement.WebElement (session="b0e3f43a8787baa6af6ef9fc2ca90b2d", element="f.3F9CF79DA16C448FBDC5DB257F1D31D4.d.49720B6324C0C2EED5AA806C172F3B6E.e.39")&gt;</var>
<status status="PASS" start="2025-05-20T23:19:37.842566" elapsed="0.011350"/>
</iter>
<iter>
<kw name="Get Element Attribute" owner="SeleniumLibrary">
<msg time="2025-05-20T23:19:37.863755" level="INFO">${href} = https://www.saucedemo.com/inventory.html#</msg>
<var>${href}</var>
<arg>${el}</arg>
<arg>href</arg>
<doc>Returns the value of ``attribute`` from the element ``locator``.</doc>
<status status="PASS" start="2025-05-20T23:19:37.854189" elapsed="0.009627"/>
</kw>
<kw name="Run Keyword And Return Status" owner="BuiltIn">
<kw name="Should Match Regexp" owner="BuiltIn">
<msg time="2025-05-20T23:19:37.864502" level="FAIL">'https://www.saucedemo.com/inventory.html#' does not match '^#|^javascript:|^mailto:|^tel:'</msg>
<arg>${href}</arg>
<arg>${IGNORE_PATTERNS}</arg>
<doc>Fails if ``string`` does not match ``pattern`` as a regular expression.</doc>
<status status="FAIL" start="2025-05-20T23:19:37.864247" elapsed="0.000342">'https://www.saucedemo.com/inventory.html#' does not match '^#|^javascript:|^mailto:|^tel:'</status>
</kw>
<msg time="2025-05-20T23:19:37.864712" level="INFO">${should_ignore} = False</msg>
<var>${should_ignore}</var>
<arg>Should Match Regexp</arg>
<arg>${href}</arg>
<arg>${IGNORE_PATTERNS}</arg>
<doc>Runs the given keyword with given arguments and returns the status as a Boolean value.</doc>
<status status="PASS" start="2025-05-20T23:19:37.864039" elapsed="0.000706"/>
</kw>
<kw name="Continue For Loop If" owner="BuiltIn">
<arg>'${href}' in ['None', ''] or ${should_ignore}</arg>
<doc>Skips the current FOR loop iteration if the ``condition`` is true.</doc>
<status status="PASS" start="2025-05-20T23:19:37.864883" elapsed="0.000274"/>
</kw>
<kw name="Set Variable If" owner="BuiltIn">
<msg time="2025-05-20T23:19:37.865531" level="INFO">${full_url} = https://www.saucedemo.com/inventory.html#</msg>
<var>${full_url}</var>
<arg>'${href}'.startswith('http')</arg>
<arg>${href}</arg>
<arg>${BASE_URL}${href}</arg>
<doc>Sets variable based on the given condition.</doc>
<status status="PASS" start="2025-05-20T23:19:37.865299" elapsed="0.000267"/>
</kw>
<kw name="Append To List" owner="Collections">
<arg>${links}</arg>
<arg>${full_url}</arg>
<doc>Adds ``values`` to the end of ``list``.</doc>
<status status="PASS" start="2025-05-20T23:19:37.865694" elapsed="0.000165"/>
</kw>
<var name="${el}">&lt;selenium.webdriver.remote.webelement.WebElement (session="b0e3f43a8787baa6af6ef9fc2ca90b2d", element="f.3F9CF79DA16C448FBDC5DB257F1D31D4.d.49720B6324C0C2EED5AA806C172F3B6E.e.40")&gt;</var>
<status status="PASS" start="2025-05-20T23:19:37.854073" elapsed="0.011843"/>
</iter>
<iter>
<kw name="Get Element Attribute" owner="SeleniumLibrary">
<msg time="2025-05-20T23:19:37.876024" level="INFO">${href} = https://www.saucedemo.com/inventory.html#</msg>
<var>${href}</var>
<arg>${el}</arg>
<arg>href</arg>
<doc>Returns the value of ``attribute`` from the element ``locator``.</doc>
<status status="PASS" start="2025-05-20T23:19:37.866195" elapsed="0.009889"/>
</kw>
<kw name="Run Keyword And Return Status" owner="BuiltIn">
<kw name="Should Match Regexp" owner="BuiltIn">
<msg time="2025-05-20T23:19:37.876868" level="FAIL">'https://www.saucedemo.com/inventory.html#' does not match '^#|^javascript:|^mailto:|^tel:'</msg>
<arg>${href}</arg>
<arg>${IGNORE_PATTERNS}</arg>
<doc>Fails if ``string`` does not match ``pattern`` as a regular expression.</doc>
<status status="FAIL" start="2025-05-20T23:19:37.876613" elapsed="0.000344">'https://www.saucedemo.com/inventory.html#' does not match '^#|^javascript:|^mailto:|^tel:'</status>
</kw>
<msg time="2025-05-20T23:19:37.877078" level="INFO">${should_ignore} = False</msg>
<var>${should_ignore}</var>
<arg>Should Match Regexp</arg>
<arg>${href}</arg>
<arg>${IGNORE_PATTERNS}</arg>
<doc>Runs the given keyword with given arguments and returns the status as a Boolean value.</doc>
<status status="PASS" start="2025-05-20T23:19:37.876307" elapsed="0.000805"/>
</kw>
<kw name="Continue For Loop If" owner="BuiltIn">
<arg>'${href}' in ['None', ''] or ${should_ignore}</arg>
<doc>Skips the current FOR loop iteration if the ``condition`` is true.</doc>
<status status="PASS" start="2025-05-20T23:19:37.877248" elapsed="0.000267"/>
</kw>
<kw name="Set Variable If" owner="BuiltIn">
<msg time="2025-05-20T23:19:37.877888" level="INFO">${full_url} = https://www.saucedemo.com/inventory.html#</msg>
<var>${full_url}</var>
<arg>'${href}'.startswith('http')</arg>
<arg>${href}</arg>
<arg>${BASE_URL}${href}</arg>
<doc>Sets variable based on the given condition.</doc>
<status status="PASS" start="2025-05-20T23:19:37.877656" elapsed="0.000268"/>
</kw>
<kw name="Append To List" owner="Collections">
<arg>${links}</arg>
<arg>${full_url}</arg>
<doc>Adds ``values`` to the end of ``list``.</doc>
<status status="PASS" start="2025-05-20T23:19:37.878054" elapsed="0.000166"/>
</kw>
<var name="${el}">&lt;selenium.webdriver.remote.webelement.WebElement (session="b0e3f43a8787baa6af6ef9fc2ca90b2d", element="f.3F9CF79DA16C448FBDC5DB257F1D31D4.d.49720B6324C0C2EED5AA806C172F3B6E.e.41")&gt;</var>
<status status="PASS" start="2025-05-20T23:19:37.866081" elapsed="0.012197"/>
</iter>
<iter>
<kw name="Get Element Attribute" owner="SeleniumLibrary">
<msg time="2025-05-20T23:19:37.887599" level="INFO">${href} = https://www.saucedemo.com/inventory.html#</msg>
<var>${href}</var>
<arg>${el}</arg>
<arg>href</arg>
<doc>Returns the value of ``attribute`` from the element ``locator``.</doc>
<status status="PASS" start="2025-05-20T23:19:37.878550" elapsed="0.009115"/>
</kw>
<kw name="Run Keyword And Return Status" owner="BuiltIn">
<kw name="Should Match Regexp" owner="BuiltIn">
<msg time="2025-05-20T23:19:37.888360" level="FAIL">'https://www.saucedemo.com/inventory.html#' does not match '^#|^javascript:|^mailto:|^tel:'</msg>
<arg>${href}</arg>
<arg>${IGNORE_PATTERNS}</arg>
<doc>Fails if ``string`` does not match ``pattern`` as a regular expression.</doc>
<status status="FAIL" start="2025-05-20T23:19:37.888110" elapsed="0.000337">'https://www.saucedemo.com/inventory.html#' does not match '^#|^javascript:|^mailto:|^tel:'</status>
</kw>
<msg time="2025-05-20T23:19:37.888570" level="INFO">${should_ignore} = False</msg>
<var>${should_ignore}</var>
<arg>Should Match Regexp</arg>
<arg>${href}</arg>
<arg>${IGNORE_PATTERNS}</arg>
<doc>Runs the given keyword with given arguments and returns the status as a Boolean value.</doc>
<status status="PASS" start="2025-05-20T23:19:37.887903" elapsed="0.000700"/>
</kw>
<kw name="Continue For Loop If" owner="BuiltIn">
<arg>'${href}' in ['None', ''] or ${should_ignore}</arg>
<doc>Skips the current FOR loop iteration if the ``condition`` is true.</doc>
<status status="PASS" start="2025-05-20T23:19:37.888740" elapsed="0.000272"/>
</kw>
<kw name="Set Variable If" owner="BuiltIn">
<msg time="2025-05-20T23:19:37.889393" level="INFO">${full_url} = https://www.saucedemo.com/inventory.html#</msg>
<var>${full_url}</var>
<arg>'${href}'.startswith('http')</arg>
<arg>${href}</arg>
<arg>${BASE_URL}${href}</arg>
<doc>Sets variable based on the given condition.</doc>
<status status="PASS" start="2025-05-20T23:19:37.889154" elapsed="0.000275"/>
</kw>
<kw name="Append To List" owner="Collections">
<arg>${links}</arg>
<arg>${full_url}</arg>
<doc>Adds ``values`` to the end of ``list``.</doc>
<status status="PASS" start="2025-05-20T23:19:37.889560" elapsed="0.000172"/>
</kw>
<var name="${el}">&lt;selenium.webdriver.remote.webelement.WebElement (session="b0e3f43a8787baa6af6ef9fc2ca90b2d", element="f.3F9CF79DA16C448FBDC5DB257F1D31D4.d.49720B6324C0C2EED5AA806C172F3B6E.e.42")&gt;</var>
<status status="PASS" start="2025-05-20T23:19:37.878435" elapsed="0.011356"/>
</iter>
<iter>
<kw name="Get Element Attribute" owner="SeleniumLibrary">
<msg time="2025-05-20T23:19:37.909496" level="INFO">${href} = https://www.saucedemo.com/inventory.html#</msg>
<var>${href}</var>
<arg>${el}</arg>
<arg>href</arg>
<doc>Returns the value of ``attribute`` from the element ``locator``.</doc>
<status status="PASS" start="2025-05-20T23:19:37.890069" elapsed="0.019490"/>
</kw>
<kw name="Run Keyword And Return Status" owner="BuiltIn">
<kw name="Should Match Regexp" owner="BuiltIn">
<msg time="2025-05-20T23:19:37.910407" level="FAIL">'https://www.saucedemo.com/inventory.html#' does not match '^#|^javascript:|^mailto:|^tel:'</msg>
<arg>${href}</arg>
<arg>${IGNORE_PATTERNS}</arg>
<doc>Fails if ``string`` does not match ``pattern`` as a regular expression.</doc>
<status status="FAIL" start="2025-05-20T23:19:37.910103" elapsed="0.000411">'https://www.saucedemo.com/inventory.html#' does not match '^#|^javascript:|^mailto:|^tel:'</status>
</kw>
<msg time="2025-05-20T23:19:37.910671" level="INFO">${should_ignore} = False</msg>
<var>${should_ignore}</var>
<arg>Should Match Regexp</arg>
<arg>${href}</arg>
<arg>${IGNORE_PATTERNS}</arg>
<doc>Runs the given keyword with given arguments and returns the status as a Boolean value.</doc>
<status status="PASS" start="2025-05-20T23:19:37.909823" elapsed="0.000883"/>
</kw>
<kw name="Continue For Loop If" owner="BuiltIn">
<arg>'${href}' in ['None', ''] or ${should_ignore}</arg>
<doc>Skips the current FOR loop iteration if the ``condition`` is true.</doc>
<status status="PASS" start="2025-05-20T23:19:37.910903" elapsed="0.000352"/>
</kw>
<kw name="Set Variable If" owner="BuiltIn">
<msg time="2025-05-20T23:19:37.911768" level="INFO">${full_url} = https://www.saucedemo.com/inventory.html#</msg>
<var>${full_url}</var>
<arg>'${href}'.startswith('http')</arg>
<arg>${href}</arg>
<arg>${BASE_URL}${href}</arg>
<doc>Sets variable based on the given condition.</doc>
<status status="PASS" start="2025-05-20T23:19:37.911466" elapsed="0.000344"/>
</kw>
<kw name="Append To List" owner="Collections">
<arg>${links}</arg>
<arg>${full_url}</arg>
<doc>Adds ``values`` to the end of ``list``.</doc>
<status status="PASS" start="2025-05-20T23:19:37.911993" elapsed="0.000228"/>
</kw>
<var name="${el}">&lt;selenium.webdriver.remote.webelement.WebElement (session="b0e3f43a8787baa6af6ef9fc2ca90b2d", element="f.3F9CF79DA16C448FBDC5DB257F1D31D4.d.49720B6324C0C2EED5AA806C172F3B6E.e.43")&gt;</var>
<status status="PASS" start="2025-05-20T23:19:37.889948" elapsed="0.022348"/>
</iter>
<iter>
<kw name="Get Element Attribute" owner="SeleniumLibrary">
<msg time="2025-05-20T23:19:37.922541" level="INFO">${href} = https://twitter.com/saucelabs</msg>
<var>${href}</var>
<arg>${el}</arg>
<arg>href</arg>
<doc>Returns the value of ``attribute`` from the element ``locator``.</doc>
<status status="PASS" start="2025-05-20T23:19:37.912642" elapsed="0.009974"/>
</kw>
<kw name="Run Keyword And Return Status" owner="BuiltIn">
<kw name="Should Match Regexp" owner="BuiltIn">
<msg time="2025-05-20T23:19:37.923577" level="FAIL">'https://twitter.com/saucelabs' does not match '^#|^javascript:|^mailto:|^tel:'</msg>
<arg>${href}</arg>
<arg>${IGNORE_PATTERNS}</arg>
<doc>Fails if ``string`` does not match ``pattern`` as a regular expression.</doc>
<status status="FAIL" start="2025-05-20T23:19:37.923225" elapsed="0.000485">'https://twitter.com/saucelabs' does not match '^#|^javascript:|^mailto:|^tel:'</status>
</kw>
<msg time="2025-05-20T23:19:37.924008" level="INFO">${should_ignore} = False</msg>
<var>${should_ignore}</var>
<arg>Should Match Regexp</arg>
<arg>${href}</arg>
<arg>${IGNORE_PATTERNS}</arg>
<doc>Runs the given keyword with given arguments and returns the status as a Boolean value.</doc>
<status status="PASS" start="2025-05-20T23:19:37.922901" elapsed="0.001148"/>
</kw>
<kw name="Continue For Loop If" owner="BuiltIn">
<arg>'${href}' in ['None', ''] or ${should_ignore}</arg>
<doc>Skips the current FOR loop iteration if the ``condition`` is true.</doc>
<status status="PASS" start="2025-05-20T23:19:37.924245" elapsed="0.000354"/>
</kw>
<kw name="Set Variable If" owner="BuiltIn">
<msg time="2025-05-20T23:19:37.925045" level="INFO">${full_url} = https://twitter.com/saucelabs</msg>
<var>${full_url}</var>
<arg>'${href}'.startswith('http')</arg>
<arg>${href}</arg>
<arg>${BASE_URL}${href}</arg>
<doc>Sets variable based on the given condition.</doc>
<status status="PASS" start="2025-05-20T23:19:37.924771" elapsed="0.000314"/>
</kw>
<kw name="Append To List" owner="Collections">
<arg>${links}</arg>
<arg>${full_url}</arg>
<doc>Adds ``values`` to the end of ``list``.</doc>
<status status="PASS" start="2025-05-20T23:19:37.925248" elapsed="0.000233"/>
</kw>
<var name="${el}">&lt;selenium.webdriver.remote.webelement.WebElement (session="b0e3f43a8787baa6af6ef9fc2ca90b2d", element="f.3F9CF79DA16C448FBDC5DB257F1D31D4.d.49720B6324C0C2EED5AA806C172F3B6E.e.44")&gt;</var>
<status status="PASS" start="2025-05-20T23:19:37.912486" elapsed="0.013063"/>
</iter>
<iter>
<kw name="Get Element Attribute" owner="SeleniumLibrary">
<msg time="2025-05-20T23:19:37.935210" level="INFO">${href} = https://www.facebook.com/saucelabs</msg>
<var>${href}</var>
<arg>${el}</arg>
<arg>href</arg>
<doc>Returns the value of ``attribute`` from the element ``locator``.</doc>
<status status="PASS" start="2025-05-20T23:19:37.925989" elapsed="0.009285"/>
</kw>
<kw name="Run Keyword And Return Status" owner="BuiltIn">
<kw name="Should Match Regexp" owner="BuiltIn">
<msg time="2025-05-20T23:19:37.935951" level="FAIL">'https://www.facebook.com/saucelabs' does not match '^#|^javascript:|^mailto:|^tel:'</msg>
<arg>${href}</arg>
<arg>${IGNORE_PATTERNS}</arg>
<doc>Fails if ``string`` does not match ``pattern`` as a regular expression.</doc>
<status status="FAIL" start="2025-05-20T23:19:37.935702" elapsed="0.000336">'https://www.facebook.com/saucelabs' does not match '^#|^javascript:|^mailto:|^tel:'</status>
</kw>
<msg time="2025-05-20T23:19:37.936162" level="INFO">${should_ignore} = False</msg>
<var>${should_ignore}</var>
<arg>Should Match Regexp</arg>
<arg>${href}</arg>
<arg>${IGNORE_PATTERNS}</arg>
<doc>Runs the given keyword with given arguments and returns the status as a Boolean value.</doc>
<status status="PASS" start="2025-05-20T23:19:37.935498" elapsed="0.000696"/>
</kw>
<kw name="Continue For Loop If" owner="BuiltIn">
<arg>'${href}' in ['None', ''] or ${should_ignore}</arg>
<doc>Skips the current FOR loop iteration if the ``condition`` is true.</doc>
<status status="PASS" start="2025-05-20T23:19:37.936339" elapsed="0.000274"/>
</kw>
<kw name="Set Variable If" owner="BuiltIn">
<msg time="2025-05-20T23:19:37.937008" level="INFO">${full_url} = https://www.facebook.com/saucelabs</msg>
<var>${full_url}</var>
<arg>'${href}'.startswith('http')</arg>
<arg>${href}</arg>
<arg>${BASE_URL}${href}</arg>
<doc>Sets variable based on the given condition.</doc>
<status status="PASS" start="2025-05-20T23:19:37.936763" elapsed="0.000284"/>
</kw>
<kw name="Append To List" owner="Collections">
<arg>${links}</arg>
<arg>${full_url}</arg>
<doc>Adds ``values`` to the end of ``list``.</doc>
<status status="PASS" start="2025-05-20T23:19:37.937185" elapsed="0.000179"/>
</kw>
<var name="${el}">&lt;selenium.webdriver.remote.webelement.WebElement (session="b0e3f43a8787baa6af6ef9fc2ca90b2d", element="f.3F9CF79DA16C448FBDC5DB257F1D31D4.d.49720B6324C0C2EED5AA806C172F3B6E.e.45")&gt;</var>
<status status="PASS" start="2025-05-20T23:19:37.925764" elapsed="0.011661"/>
</iter>
<iter>
<kw name="Get Element Attribute" owner="SeleniumLibrary">
<msg time="2025-05-20T23:19:37.946870" level="INFO">${href} = https://www.linkedin.com/company/sauce-labs/</msg>
<var>${href}</var>
<arg>${el}</arg>
<arg>href</arg>
<doc>Returns the value of ``attribute`` from the element ``locator``.</doc>
<status status="PASS" start="2025-05-20T23:19:37.937725" elapsed="0.009238"/>
</kw>
<kw name="Run Keyword And Return Status" owner="BuiltIn">
<kw name="Should Match Regexp" owner="BuiltIn">
<msg time="2025-05-20T23:19:37.947682" level="FAIL">'https://www.linkedin.com/company/sauce-labs/' does not match '^#|^javascript:|^mailto:|^tel:'</msg>
<arg>${href}</arg>
<arg>${IGNORE_PATTERNS}</arg>
<doc>Fails if ``string`` does not match ``pattern`` as a regular expression.</doc>
<status status="FAIL" start="2025-05-20T23:19:37.947420" elapsed="0.000361">'https://www.linkedin.com/company/sauce-labs/' does not match '^#|^javascript:|^mailto:|^tel:'</status>
</kw>
<msg time="2025-05-20T23:19:37.947910" level="INFO">${should_ignore} = False</msg>
<var>${should_ignore}</var>
<arg>Should Match Regexp</arg>
<arg>${href}</arg>
<arg>${IGNORE_PATTERNS}</arg>
<doc>Runs the given keyword with given arguments and returns the status as a Boolean value.</doc>
<status status="PASS" start="2025-05-20T23:19:37.947205" elapsed="0.000739"/>
</kw>
<kw name="Continue For Loop If" owner="BuiltIn">
<arg>'${href}' in ['None', ''] or ${should_ignore}</arg>
<doc>Skips the current FOR loop iteration if the ``condition`` is true.</doc>
<status status="PASS" start="2025-05-20T23:19:37.948085" elapsed="0.000264"/>
</kw>
<kw name="Set Variable If" owner="BuiltIn">
<msg time="2025-05-20T23:19:37.948724" level="INFO">${full_url} = https://www.linkedin.com/company/sauce-labs/</msg>
<var>${full_url}</var>
<arg>'${href}'.startswith('http')</arg>
<arg>${href}</arg>
<arg>${BASE_URL}${href}</arg>
<doc>Sets variable based on the given condition.</doc>
<status status="PASS" start="2025-05-20T23:19:37.948491" elapsed="0.000270"/>
</kw>
<kw name="Append To List" owner="Collections">
<arg>${links}</arg>
<arg>${full_url}</arg>
<doc>Adds ``values`` to the end of ``list``.</doc>
<status status="PASS" start="2025-05-20T23:19:37.948892" elapsed="0.000167"/>
</kw>
<var name="${el}">&lt;selenium.webdriver.remote.webelement.WebElement (session="b0e3f43a8787baa6af6ef9fc2ca90b2d", element="f.3F9CF79DA16C448FBDC5DB257F1D31D4.d.49720B6324C0C2EED5AA806C172F3B6E.e.46")&gt;</var>
<status status="PASS" start="2025-05-20T23:19:37.937589" elapsed="0.011529"/>
</iter>
<var>${el}</var>
<value>@{elements}</value>
<status status="PASS" start="2025-05-20T23:19:37.672603" elapsed="0.276582"/>
</for>
<return>
<value>${links}</value>
<status status="PASS" start="2025-05-20T23:19:37.949287" elapsed="0.000064"/>
</return>
<msg time="2025-05-20T23:19:37.949523" level="INFO">${all_links} = ['https://www.saucedemo.com/inventory.html#', 'https://saucelabs.com/', 'https://www.saucedemo.com/inventory.html#', 'https://www.saucedemo.com/inventory.html#', 'https://www.saucedemo.com/inventory.h...</msg>
<var>${all_links}</var>
<status status="PASS" start="2025-05-20T23:19:37.646808" elapsed="0.302752"/>
</kw>
<kw name="Remove Duplicates" owner="Collections">
<msg time="2025-05-20T23:19:37.949832" level="INFO">14 duplicates removed.</msg>
<msg time="2025-05-20T23:19:37.949917" level="INFO">${unique_links} = ['https://www.saucedemo.com/inventory.html#', 'https://saucelabs.com/', 'https://twitter.com/saucelabs', 'https://www.facebook.com/saucelabs', 'https://www.linkedin.com/company/sauce-labs/']</msg>
<var>${unique_links}</var>
<arg>${all_links}</arg>
<doc>Returns a list without duplicates based on the given ``list``.</doc>
<status status="PASS" start="2025-05-20T23:19:37.949684" elapsed="0.000266"/>
</kw>
<kw name="Create List" owner="BuiltIn">
<msg time="2025-05-20T23:19:37.950206" level="INFO">${broken_links} = []</msg>
<var>${broken_links}</var>
<doc>Returns a list containing given items.</doc>
<status status="PASS" start="2025-05-20T23:19:37.950076" elapsed="0.000163"/>
</kw>
<kw name="Evaluate" owner="BuiltIn">
<msg time="2025-05-20T23:19:37.950619" level="INFO">${disable_warnings} = import urllib3; urllib3.disable_warnings(urllib3.exceptions.InsecureRequestWarning)</msg>
<var>${disable_warnings}</var>
<arg>"import urllib3; urllib3.disable_warnings(urllib3.exceptions.InsecureRequestWarning)"</arg>
<doc>Evaluates the given expression in Python and returns the result.</doc>
<status status="PASS" start="2025-05-20T23:19:37.950439" elapsed="0.000216"/>
</kw>
<kw name="Create Session" owner="RequestsLibrary">
<msg time="2025-05-20T23:19:37.950982" level="INFO">Creating Session using : alias=linkcheck, url=https://www.saucedemo.com, headers={},                     cookies={}, auth=None, timeout=None, proxies=None, verify=False,                     debug=0 </msg>
<arg>linkcheck</arg>
<arg>${BASE_URL}</arg>
<arg>verify=False</arg>
<doc>Create Session: create a HTTP session to a server</doc>
<status status="PASS" start="2025-05-20T23:19:37.950780" elapsed="0.000420"/>
</kw>
<for flavor="IN">
<iter>
<kw name="Run Keyword And Return Status" owner="BuiltIn">
<kw name="HEAD On Session" owner="RequestsLibrary">
<msg time="2025-05-20T23:19:38.064659" level="INFO">HEAD Request : url=https://www.saucedemo.com/inventory.html 
 path_url=/inventory.html 
 headers={'User-Agent': 'python-requests/2.32.3', 'Accept-Encoding': 'gzip, deflate', 'Accept': '*/*', 'Connection': 'keep-alive'} 
 body=None 
 </msg>
<msg time="2025-05-20T23:19:38.064851" level="INFO">HEAD Response : url=https://www.saucedemo.com/inventory.html 
 status=404, reason=Not Found 
 headers={'Connection': 'keep-alive', 'Content-Length': '852', 'Server': 'GitHub.com', 'Content-Type': 'text/html; charset=utf-8', 'Access-Control-Allow-Origin': '*', 'ETag': 'W/"67bf207d-756"', 'Content-Encoding': 'gzip', 'x-proxy-cache': 'MISS', 'X-GitHub-Request-Id': '940C:121B07:12CFDF:15E8EC:682CB4C2', 'Accept-Ranges': 'bytes', 'Date': 'Tue, 20 May 2025 17:49:41 GMT', 'Via': '1.1 varnish', 'Age': '3057', 'X-Served-By': 'cache-hyd1100022-HYD', 'X-Cache': 'HIT', 'X-Cache-Hits': '3', 'X-Timer': 'S1747763381.384838,VS0,VE1', 'Vary': 'Accept-Encoding', 'X-Fastly-Request-ID': 'ab954e403df34f3e0dd5507219eb739d2caeb673'} 
 body=None 
 </msg>
<msg time="2025-05-20T23:19:38.064999" level="INFO">C:\Users\saran\AppData\Local\Programs\Python\Python313\Lib\site-packages\urllib3\connectionpool.py:1097: InsecureRequestWarning: Unverified HTTPS request is being made to host 'www.saucedemo.com'. Adding certificate verification is strongly advised. See: https://urllib3.readthedocs.io/en/latest/advanced-usage.html#tls-warnings
  warnings.warn(</msg>
<arg>linkcheck</arg>
<arg>${link}</arg>
<arg>timeout=5</arg>
<arg>allow_redirects=${True}</arg>
<arg>expected_status=any</arg>
<doc>Sends a HEAD request on a previously created HTTP Session.</doc>
<status status="PASS" start="2025-05-20T23:19:37.951878" elapsed="0.113742"/>
</kw>
<msg time="2025-05-20T23:19:38.065953" level="INFO">${status} = True</msg>
<var>${status}</var>
<arg>HEAD On Session</arg>
<arg>linkcheck</arg>
<arg>${link}</arg>
<arg>timeout=5</arg>
<arg>allow_redirects=${True}</arg>
<arg>expected_status=any</arg>
<doc>Runs the given keyword with given arguments and returns the status as a Boolean value.</doc>
<status status="PASS" start="2025-05-20T23:19:37.951709" elapsed="0.114299"/>
</kw>
<if>
<branch type="IF" condition="not ${status}">
<kw name="Append To List" owner="Collections">
<arg>${broken_links}</arg>
<arg>${link}</arg>
<doc>Adds ``values`` to the end of ``list``.</doc>
<status status="NOT RUN" start="2025-05-20T23:19:38.066740" elapsed="0.000055"/>
</kw>
<kw name="Log" owner="BuiltIn">
<arg>Broken link found: ${link} (Connection failed)</arg>
<arg>level=WARN</arg>
<doc>Logs the given message with the given level.</doc>
<status status="NOT RUN" start="2025-05-20T23:19:38.066980" elapsed="0.000053"/>
</kw>
<status status="NOT RUN" start="2025-05-20T23:19:38.066304" elapsed="0.000812"/>
</branch>
<branch type="ELSE">
<kw name="GET On Session" owner="RequestsLibrary">
<msg time="2025-05-20T23:19:38.091369" level="INFO">GET Request : url=https://www.saucedemo.com/inventory.html 
 path_url=/inventory.html 
 headers={'User-Agent': 'python-requests/2.32.3', 'Accept-Encoding': 'gzip, deflate', 'Accept': '*/*', 'Connection': 'keep-alive'} 
 body=None 
 </msg>
<msg time="2025-05-20T23:19:38.091598" level="INFO">GET Response : url=https://www.saucedemo.com/inventory.html 
 status=404, reason=Not Found 
 headers={'Connection': 'keep-alive', 'Content-Length': '852', 'Server': 'GitHub.com', 'Content-Type': 'text/html; charset=utf-8', 'Access-Control-Allow-Origin': '*', 'ETag': 'W/"67bf207d-756"', 'Content-Encoding': 'gzip', 'x-proxy-cache': 'MISS', 'X-GitHub-Request-Id': '940C:121B07:12CFDF:15E8EC:682CB4C2', 'Accept-Ranges': 'bytes', 'Date': 'Tue, 20 May 2025 17:49:41 GMT', 'Via': '1.1 varnish', 'Age': '3057', 'X-Served-By': 'cache-hyd1100022-HYD', 'X-Cache': 'HIT', 'X-Cache-Hits': '4', 'X-Timer': 'S1747763381.411775,VS0,VE1', 'Vary': 'Accept-Encoding', 'X-Fastly-Request-ID': 'f718b1e4754a4d8c5e1aedf17d8ff25fcc758609'} 
 body=&lt;!DOCTYPE html&gt;
&lt;html&gt;
&lt;head&gt;
    &lt;meta charset="utf-8"&gt;
    &lt;title&gt;Single Page Apps for GitHub Pages&lt;/title&gt;
    &lt;script type="text/javascript"&gt;
      // Single Page Apps for GitHub Pages
      // MIT License
      // https://github.com/rafgraph/spa-github-pages
      // This script takes the current url and converts the path and query
      // string into just a query string, and then redirects the browser
      // to the new url with only a query string and hash fragment,
      // e.g. https://www.foo.tld/one/two?a=b&amp;c=d#qwe, becomes
      // https://www.foo.tld/?/one/two&amp;a=b~and~c=d#qwe
      // Note: this 404.html file must be at least 512 bytes for it to work
      // with Internet Explorer (it is currently &gt; 512 bytes)

      // If you're creating a Project Pages site and NOT using a custom domain,
      // then set pathSegmentsToKeep to 1 (enterprise users may need to set it to &gt; 1).
      // This way the code will only replace the route part of the path, and not
      // the real directory in which the app resides, for example:
      // https://username.github.io/repo-name/one/two?a=b&amp;c=d#qwe becomes
      // https://username.github.io/repo-name/?/one/two&amp;a=b~and~c=d#qwe
      // Otherwise, leave pathSegmentsToKeep as 0.
      var pathSegmentsToKeep = 0;

      var l = window.location;
      // Don't redirect for these pages
      if(l.pathname.indexOf('v1') !== 1 &amp;&amp; l.pathname.indexOf('storybook') !== 1){
        l.replace(
          l.protocol + '//' + l.hostname + (l.port ? ':' + l.port : '') +
          l.pathname.split('/').slice(0, 1 + pathSegmentsToKeep).join('/') + '/?/' +
          l.pathname.slice(1).split('/').slice(pathSegmentsToKeep).join('/').replace(/&amp;/g, '~and~') +
          (l.search ? '&amp;' + l.search.slice(1).replace(/&amp;/g, '~and~') : '') +
          l.hash
        );
      }

    &lt;/script&gt;
&lt;/head&gt;
&lt;body&gt;
&lt;/body&gt;
&lt;/html&gt;
 
 </msg>
<msg time="2025-05-20T23:19:38.091804" level="INFO">C:\Users\saran\AppData\Local\Programs\Python\Python313\Lib\site-packages\urllib3\connectionpool.py:1097: InsecureRequestWarning: Unverified HTTPS request is being made to host 'www.saucedemo.com'. Adding certificate verification is strongly advised. See: https://urllib3.readthedocs.io/en/latest/advanced-usage.html#tls-warnings
  warnings.warn(</msg>
<msg time="2025-05-20T23:19:38.092334" level="INFO">${response} = &lt;Response [404]&gt;</msg>
<var>${response}</var>
<arg>linkcheck</arg>
<arg>${link}</arg>
<arg>expected_status=any</arg>
<doc>Sends a GET request on a previously created HTTP Session.</doc>
<status status="PASS" start="2025-05-20T23:19:38.067393" elapsed="0.025020"/>
</kw>
<kw name="Set Variable" owner="BuiltIn">
<msg time="2025-05-20T23:19:38.093883" level="INFO">${status_code} = 404</msg>
<var>${status_code}</var>
<arg>${response.status_code}</arg>
<doc>Returns the given values which can then be assigned to a variables.</doc>
<status status="PASS" start="2025-05-20T23:19:38.092737" elapsed="0.001392"/>
</kw>
<if>
<branch type="IF" condition="${status_code} &gt;= 400">
<kw name="Append To List" owner="Collections">
<arg>${broken_links}</arg>
<arg>${link} =&gt; ${status_code}</arg>
<doc>Adds ``values`` to the end of ``list``.</doc>
<status status="PASS" start="2025-05-20T23:19:38.094773" elapsed="0.000476"/>
</kw>
<kw name="Log" owner="BuiltIn">
<msg time="2025-05-20T23:19:38.095821" level="WARN">Potentially problematic link: https://www.saucedemo.com/inventory.html# (Status: 404)</msg>
<arg>Potentially problematic link: ${link} (Status: ${status_code})</arg>
<arg>level=WARN</arg>
<doc>Logs the given message with the given level.</doc>
<status status="PASS" start="2025-05-20T23:19:38.095499" elapsed="0.001530"/>
</kw>
<status status="PASS" start="2025-05-20T23:19:38.094369" elapsed="0.002848"/>
</branch>
<branch type="ELSE">
<kw name="Log" owner="BuiltIn">
<arg>Valid link: ${link} (Status: ${status_code})</arg>
<arg>level=INFO</arg>
<doc>Logs the given message with the given level.</doc>
<status status="NOT RUN" start="2025-05-20T23:19:38.097570" elapsed="0.000062"/>
</kw>
<status status="NOT RUN" start="2025-05-20T23:19:38.097321" elapsed="0.000400"/>
</branch>
<status status="PASS" start="2025-05-20T23:19:38.094319" elapsed="0.003468"/>
</if>
<status status="PASS" start="2025-05-20T23:19:38.067205" elapsed="0.030645"/>
</branch>
<status status="PASS" start="2025-05-20T23:19:38.066227" elapsed="0.031683"/>
</if>
<var name="${link}">https://www.saucedemo.com/inventory.html#</var>
<status status="PASS" start="2025-05-20T23:19:37.951590" elapsed="0.146364"/>
</iter>
<iter>
<kw name="Run Keyword And Return Status" owner="BuiltIn">
<kw name="HEAD On Session" owner="RequestsLibrary">
<msg time="2025-05-20T23:19:38.197283" level="INFO">HEAD Request : url=https://saucelabs.com/ 
 path_url=/ 
 headers={'User-Agent': 'python-requests/2.32.3', 'Accept-Encoding': 'gzip, deflate', 'Accept': '*/*', 'Connection': 'keep-alive'} 
 body=None 
 </msg>
<msg time="2025-05-20T23:19:38.197500" level="INFO">HEAD Response : url=https://saucelabs.com/ 
 status=200, reason=OK 
 headers={'Cdn-Cache-Control': 'max-age=1200', 'Content-Encoding': 'gzip', 'Content-Security-Policy': "frame-ancestors 'self' https://app.contentful.com *.saucelabs.com:8000 *.saucelabs.com *.saucelabs.net;", 'Server': 'Vercel', 'Strict-Transport-Security': 'max-age=63072000; includeSubDomains; preload', 'X-Content-Type-Options': 'nosniff', 'X-Matched-Path': '/', 'X-Powered-By': 'Next.js', 'X-Vercel-Cache': 'HIT', 'X-Vercel-Id': 'bom1::iad1::bjr75-1747703291174-9794ab55fefa', 'X-Xss-Protection': '1; mode=block', 'Via': '1.1 google', 'Date': 'Tue, 20 May 2025 00:52:58 GMT', 'Cache-Control': 'public,max-age=3600', 'Age': '61003', 'ETag': 'W/"gsx8tj9yv2860h"', 'Content-Type': 'text/html; charset=utf-8', 'Content-Length': '65503', 'X-Cloud-CDN-Cache-Hit': 'stale', 'X_BACKEND': 'marketing-cms', 'Alt-Svc': 'h3=":443"; ma=2592000,h3-29=":443"; ma=2592000'} 
 body=None 
 </msg>
<msg time="2025-05-20T23:19:38.197626" level="INFO">C:\Users\saran\AppData\Local\Programs\Python\Python313\Lib\site-packages\urllib3\connectionpool.py:1097: InsecureRequestWarning: Unverified HTTPS request is being made to host 'saucelabs.com'. Adding certificate verification is strongly advised. See: https://urllib3.readthedocs.io/en/latest/advanced-usage.html#tls-warnings
  warnings.warn(</msg>
<arg>linkcheck</arg>
<arg>${link}</arg>
<arg>timeout=5</arg>
<arg>allow_redirects=${True}</arg>
<arg>expected_status=any</arg>
<doc>Sends a HEAD request on a previously created HTTP Session.</doc>
<status status="PASS" start="2025-05-20T23:19:38.098934" elapsed="0.099170"/>
</kw>
<msg time="2025-05-20T23:19:38.198421" level="INFO">${status} = True</msg>
<var>${status}</var>
<arg>HEAD On Session</arg>
<arg>linkcheck</arg>
<arg>${link}</arg>
<arg>timeout=5</arg>
<arg>allow_redirects=${True}</arg>
<arg>expected_status=any</arg>
<doc>Runs the given keyword with given arguments and returns the status as a Boolean value.</doc>
<status status="PASS" start="2025-05-20T23:19:38.098607" elapsed="0.099880"/>
</kw>
<if>
<branch type="IF" condition="not ${status}">
<kw name="Append To List" owner="Collections">
<arg>${broken_links}</arg>
<arg>${link}</arg>
<doc>Adds ``values`` to the end of ``list``.</doc>
<status status="NOT RUN" start="2025-05-20T23:19:38.199392" elapsed="0.000081"/>
</kw>
<kw name="Log" owner="BuiltIn">
<arg>Broken link found: ${link} (Connection failed)</arg>
<arg>level=WARN</arg>
<doc>Logs the given message with the given level.</doc>
<status status="NOT RUN" start="2025-05-20T23:19:38.199690" elapsed="0.000051"/>
</kw>
<status status="NOT RUN" start="2025-05-20T23:19:38.198720" elapsed="0.001098"/>
</branch>
<branch type="ELSE">
<kw name="GET On Session" owner="RequestsLibrary">
<msg time="2025-05-20T23:19:38.248600" level="INFO">GET Request : url=https://saucelabs.com/ 
 path_url=/ 
 headers={'User-Agent': 'python-requests/2.32.3', 'Accept-Encoding': 'gzip, deflate', 'Accept': '*/*', 'Connection': 'keep-alive'} 
 body=None 
 </msg>
<msg time="2025-05-20T23:19:38.249637" level="INFO">GET Response : url=https://saucelabs.com/ 
 status=200, reason=OK 
 headers={'Cdn-Cache-Control': 'max-age=1200', 'Content-Encoding': 'gzip', 'Content-Security-Policy': "frame-ancestors 'self' https://app.contentful.com *.saucelabs.com:8000 *.saucelabs.com *.saucelabs.net;", 'Server': 'Vercel', 'Strict-Transport-Security': 'max-age=63072000; includeSubDomains; preload', 'X-Content-Type-Options': 'nosniff', 'X-Matched-Path': '/', 'X-Powered-By': 'Next.js', 'X-Vercel-Cache': 'HIT', 'X-Vercel-Id': 'bom1::iad1::bjr75-1747703291174-9794ab55fefa', 'X-Xss-Protection': '1; mode=block', 'Via': '1.1 google', 'Date': 'Tue, 20 May 2025 00:52:58 GMT', 'Cache-Control': 'public,max-age=3600', 'Age': '61003', 'ETag': 'W/"gsx8tj9yv2860h"', 'Content-Type': 'text/html; charset=utf-8', 'Content-Length': '65503', 'X-Cloud-CDN-Cache-Hit': 'stale', 'X_BACKEND': 'marketing-cms', 'Alt-Svc': 'h3=":443"; ma=2592000,h3-29=":443"; ma=2592000'} 
 body=&lt;!DOCTYPE html&gt;&lt;html lang="en"&gt;&lt;head&gt;&lt;meta charSet="utf-8"/&gt;&lt;meta name="viewport" content="width=device-width"/&gt;&lt;title&gt;Sauce Labs: Cross Browser Testing, Selenium Testing &amp;amp; Mobile Testing&lt;/title&gt;&lt;meta property="og:title" content="Sauce Labs: Cross Browser Testing, Selenium Testing &amp;amp; Mobile Testing"/&gt;&lt;meta name="description" content="The world&amp;#x27;s largest continuous testing cloud of web and mobile applications. Access web browsers, mobile emulators, simulators, and real mobile devices."/&gt;&lt;meta property="og:description" content="The world&amp;#x27;s largest continuous testing cloud of web and mobile applications. Access web browsers, mobile emulators, simulators, and real mobile devices."/&gt;&lt;meta name="theme-color" content="#132322"/&gt;&lt;meta name="next-head-count" content="7"/&gt;&lt;script&gt;
      (function () {
        var isBot = !!window.Cypress;
        if (!isBot) {
          !function(){var i="analytics",analytics=window[i]=window[i]||[];if(!analytics.initialize)if(analytics.invoked)window.console&amp;&amp;console.error&amp;&amp;console.error("Segment snippet included twice.");else{analytics.invoked=!0;analytics.methods=["trackSubmit","trackClick","trackLink","trackForm","pageview","identify","reset","group","track","ready","alias","debug","page","screen","once","off","on","addSourceMiddleware","addIntegrationMiddleware","setAnonymousId","addDestinationMiddleware","register"];analytics.factory=function(e){return function(){if(window[i].initialized)return window[i][e].apply(window[i],arguments);var n=Array.prototype.slice.call(arguments);if(["track","screen","alias","group","page","identify"].indexOf(e)&gt;-1){var c=document.querySelector("link[rel='canonical']");n.push({__t:"bpc",c:c&amp;&amp;c.getAttribute("href")||void 0,p:location.pathname,u:location.href,s:location.search,t:document.title,r:document.referrer})}n.unshift(e);analytics.push(n);return analytics}};for(var n=0;n&lt;analytics.methods.length;n++){var key=analytics.methods[n];analytics[key]=analytics.factory(key)}analytics.load=function(key,n){var t=document.createElement("script");t.type="text/javascript";t.async=!0;t.setAttribute("data-global-segment-analytics-key",i);t.src="https://cdn.segment.com/analytics.js/v1/" + key + "/analytics.min.js";var r=document.getElementsByTagName("script")[0];r.parentNode.insertBefore(t,r);analytics._loadOptions=n};analytics._writeKey="kEVbG4wU60CZtVVxPniyNdza7l9oAn7H";;analytics.SNIPPET_VERSION="5.2.0";
analytics.load("kEVbG4wU60CZtVVxPniyNdza7l9oAn7H");

}}();
        } else {
          window.analytics = {
            track: function () { },
            page: function () { }
          };
          window.dataLayer = [];
        }
      })()
    &lt;/script&gt;&lt;script id="profitwell-js" data-pw-auth="b63eb7f139523ec1a9ad0ada7cb1091d"&gt;
      /* DO NOT DELETE - this code is used to accept our payments or send data to ProfitWell*/
      (function(i,s,o,g,r,a,m){i[o]=i[o]||function(){(i[o].q=i[o].q||[]).push(arguments)};
      a=s.createElement(g);m=s.getElementsByTagName(g)[0];a.async=1;a.src=r+'?auth='+
      s.getElementById(o+'-js').getAttribute('data-pw-auth');m.parentNode.insertBefore(a,m);
      })(window,document,'profitwell','script','https://public.profitwell.com/js/profitwell.js');

      profitwell('start', {});
    &lt;/script&gt;&lt;meta name="theme-color" content="#EDF7F5"/&gt;&lt;link rel="apple-touch-icon" sizes="180x180" href="/apple-touch-icon.png"/&gt;&lt;link rel="icon" type="image/png" sizes="32x32" href="/favicon-32x32.png"/&gt;&lt;link rel="icon" type="image/png" sizes="16x16" href="/favicon-16x16.png"/&gt;&lt;link rel="manifest" href="/site.webmanifest"/&gt;&lt;meta name="msapplication-TileColor" content="#da532c"/&gt;&lt;script src="https://accounts.google.com/gsi/client" async="" defer=""&gt;&lt;/script&gt;&lt;link data-next-font="" rel="preconnect" href="/" crossorigin="anonymous"/&gt;&lt;script id="newrelic-browser" data-nscript="beforeInteractive"&gt;
            ;window.NREUM||(NREUM={});NREUM.init={distributed_tracing:{enabled:true},privacy:{cookies_enabled:true},ajax:{deny_list:["bam.nr-data.net"]}};
            
            ;NREUM.loader_config={accountID:"933394",trustKey:"1380705",agentID:"1134312417",licenseKey:"b2cff8394a",applicationID:"1134312417"};
            ;NREUM.info={beacon:"bam.nr-data.net",errorBeacon:"bam.nr-data.net",licenseKey:"b2cff8394a",applicationID:"1134312417",sa:1};
            ;(()=&gt;{var e,t,r={9071:(e,t,r)=&gt;{"use strict";r.d(t,{I:()=&gt;n});var n=0,i=navigator.userAgent.match(/Firefox[/s](d+.d+)/);i&amp;&amp;(n=+i[1])},6562:(e,t,r)=&gt;{"use strict";r.d(t,{P_:()=&gt;p,Mt:()=&gt;v,C5:()=&gt;f,DL:()=&gt;y,OP:()=&gt;R,lF:()=&gt;L,Yu:()=&gt;E,Dg:()=&gt;g,CX:()=&gt;d,GE:()=&gt;w,sU:()=&gt;k});var n={};r.r(n),r.d(n,{agent:()=&gt;T,match:()=&gt;S,version:()=&gt;A});var i=r(6797),o=r(909),a=r(8610);class s{constructor(e,t){try{if(!e||"object"!=typeof e)return(0,a.Z)("New setting a Configurable requires an object as input");if(!t||"object"!=typeof t)return(0,a.Z)("Setting a Configurable requires a model to set its initial properties");Object.assign(this,t),Object.entries(e).forEach((e=&gt;{let[t,r]=e;const n=(0,o.q)(t);n.length&amp;&amp;r&amp;&amp;"object"==typeof r&amp;&amp;n.forEach((e=&gt;{e in r&amp;&amp;((0,a.Z)('"'.concat(e,'" is a protected attribute and can not be changed in feature ').concat(t,".  It will have no effect.")),delete r[e])})),this[t]=r}))}catch(e){(0,a.Z)("An error occured while setting a Configurable",e)}}}const c={beacon:i.ce.beacon,errorBeacon:i.ce.errorBeacon,licenseKey:void 0,applicationID:void 0,sa:void 0,queueTime:void 0,applicationTime:void 0,ttGuid:void 0,user:void 0,account:void 0,product:void 0,extra:void 0,jsAttributes:{},userAttributes:void 0,atts:void 0,transactionName:void 0,tNamePlain:void 0},u={};function f(e){if(!e)throw new Error("All info objects require an agent identifier!");if(!u[e])throw new Error("Info for ".concat(e," was never set"));return u[e]}function d(e,t){if(!e)throw new Error("All info objects require an agent identifier!");u[e]=new s(t,c),(0,i.Qy)(e,u[e],"info")}const l={allow_bfcache:!0,privacy:{cookies_enabled:!0},ajax:{deny_list:void 0,enabled:!0,harvestTimeSeconds:10},distributed_tracing:{enabled:void 0,exclude_newrelic_header:void 0,cors_use_newrelic_header:void 0,cors_use_tracecontext_headers:void 0,allowed_origins:void 0},ssl:void 0,obfuscate:void 0,jserrors:{enabled:!0,harvestTimeSeconds:10},metrics:{enabled:!0},page_action:{enabled:!0,harvestTimeSeconds:30},page_view_event:{enabled:!0},page_view_timing:{enabled:!0,harvestTimeSeconds:30,long_task:!1},session_trace:{enabled:!0,harvestTimeSeconds:10},spa:{enabled:!0,harvestTimeSeconds:10}},h={};function p(e){if(!e)throw new Error("All configuration objects require an agent identifier!");if(!h[e])throw new Error("Configuration for ".concat(e," was never set"));return h[e]}function g(e,t){if(!e)throw new Error("All configuration objects require an agent identifier!");h[e]=new s(t,l),(0,i.Qy)(e,h[e],"config")}function v(e,t){if(!e)throw new Error("All configuration objects require an agent identifier!");var r=p(e);if(r){for(var n=t.split("."),i=0;i&lt;n.length-1;i++)if("object"!=typeof(r=r[n[i]]))return;r=r[n[n.length-1]]}return r}const m={accountID:void 0,trustKey:void 0,agentID:void 0,licenseKey:void 0,applicationID:void 0,xpid:void 0},b={};function y(e){if(!e)throw new Error("All loader-config objects require an agent identifier!");if(!b[e])throw new Error("LoaderConfig for ".concat(e," was never set"));return b[e]}function w(e,t){if(!e)throw new Error("All loader-config objects require an agent identifier!");b[e]=new s(t,m),(0,i.Qy)(e,b[e],"loader_config")}const E=(0,i.mF)().o;var T=null,A=null;if(navigator.userAgent){var x=navigator.userAgent,_=x.match(/Version\/(\S+)\s+Safari/);_&amp;&amp;-1===x.indexOf("Chrome")&amp;&amp;-1===x.indexOf("Chromium")&amp;&amp;(T="Safari",A=_[1])}function S(e,t){if(!T)return!1;if(e!==T)return!1;if(!t)return!0;if(!A)return!1;for(var r=A.split("."),n=t.split("."),i=0;i&lt;n.length;i++)if(n[i]!==r[i])return!1;return!0}var O=r(5526),P=r(2374);const j="NRBA_SESSION_ID";function D(){if(!P.il)return null;try{let e;return null===(e=window.sessionStorage.getItem(j))&amp;&amp;(e=(0,O.ky)(16),window.sessionStorage.setItem(j,e)),e}catch(e){return null}}var N=r(8226);const C=e=&gt;({customTransaction:void 0,disabled:!1,isolatedBacklog:!1,loaderType:void 0,maxBytes:3e4,offset:Math.floor(P._A?.performance?.timeOrigin||P._A?.performance?.timing?.navigationStart||Date.now()),onerror:void 0,origin:""+P._A.location,ptid:void 0,releaseIds:{},sessionId:1==v(e,"privacy.cookies_enabled")?D():null,xhrWrappable:"function"==typeof P._A.XMLHttpRequest?.prototype?.addEventListener,userAgent:n,version:N.q}),I={};function R(e){if(!e)throw new Error("All runtime objects require an agent identifier!");if(!I[e])throw new Error("Runtime for ".concat(e," was never set"));return I[e]}function k(e,t){if(!e)throw new Error("All runtime objects require an agent identifier!");I[e]=new s(t,C(e)),(0,i.Qy)(e,I[e],"runtime")}function L(e){return function(e){try{const t=f(e);return!!t.licenseKey&amp;&amp;!!t.errorBeacon&amp;&amp;!!t.applicationID}catch(e){return!1}}(e)}},8226:(
[...]
<arg>${actual_list}</arg>
<arg>${list}</arg>
<doc>Makes a variable available everywhere within the scope of the current test.</doc>
<status status="PASS" start="2025-05-20T23:21:42.024183" elapsed="0.000440"/>
</kw>
<status status="PASS" start="2025-05-20T23:21:41.920243" elapsed="0.104512"/>
</kw>
<arg>'${options}' == 'Name (A to Z)' or '${options}' == 'Name (Z to A)'</arg>
<arg>Get Names To List</arg>
<arg>ELSE</arg>
<arg>Get Prices To List</arg>
<doc>Runs the given keyword with the given arguments, if ``condition`` is true.</doc>
<status status="PASS" start="2025-05-20T23:21:41.919510" elapsed="0.105336"/>
</kw>
<arg>${options}</arg>
<status status="PASS" start="2025-05-20T23:21:40.727356" elapsed="1.297610"/>
</kw>
<kw name="Check the products are sorted according to the filter">
<kw name="Split String" owner="String">
<msg time="2025-05-20T23:21:42.025962" level="INFO">${expected_list} = ['$7.99', '$9.99', '$15.99', '$15.99', '$29.99', '$49.99']</msg>
<var>${expected_list}</var>
<arg>${filtered_product_list}</arg>
<arg>,</arg>
<doc>Splits the ``string`` using ``separator`` as a delimiter string.</doc>
<status status="PASS" start="2025-05-20T23:21:42.025683" elapsed="0.000329"/>
</kw>
<kw name="Run Keyword And Return Status" owner="BuiltIn">
<kw name="Should Contain" owner="BuiltIn">
<msg time="2025-05-20T23:21:42.026946" level="FAIL">'{'include': [], 'exclude': [], 'skip': [], 'skip_on_failure': [], 'console_width': 78}' does not contain 'Price'</msg>
<arg>${options}</arg>
<arg>Price</arg>
<doc>Fails if ``container`` does not contain ``item`` one or more times.</doc>
<status status="FAIL" start="2025-05-20T23:21:42.026448" elapsed="0.000643">'{'include': [], 'exclude': [], 'skip': [], 'skip_on_failure': [], 'console_width': 78}' does not contain 'Price'</status>
</kw>
<msg time="2025-05-20T23:21:42.027288" level="INFO">${is_price_test} = False</msg>
<var>${is_price_test}</var>
<arg>Should Contain</arg>
<arg>${options}</arg>
<arg>Price</arg>
<doc>Runs the given keyword with given arguments and returns the status as a Boolean value.</doc>
<status status="PASS" start="2025-05-20T23:21:42.026215" elapsed="0.001119"/>
</kw>
<kw name="Run Keyword If" owner="BuiltIn">
<kw name="Compare Name Lists">
<kw name="Lists Should Be Equal" owner="Collections">
<arg>${actual_list}</arg>
<arg>${expected_list}</arg>
<doc>Fails if given lists are unequal.</doc>
<status status="PASS" start="2025-05-20T23:21:42.028388" elapsed="0.000298"/>
</kw>
<arg>${expected_list}</arg>
<status status="PASS" start="2025-05-20T23:21:42.027948" elapsed="0.000859"/>
</kw>
<arg>${is_price_test}</arg>
<arg>Compare Price Lists</arg>
<arg>${expected_list}</arg>
<arg>ELSE</arg>
<arg>Compare Name Lists</arg>
<arg>${expected_list}</arg>
<doc>Runs the given keyword with the given arguments, if ``condition`` is true.</doc>
<status status="PASS" start="2025-05-20T23:21:42.027595" elapsed="0.001302"/>
</kw>
<arg>${filtered_product_list}</arg>
<status status="PASS" start="2025-05-20T23:21:42.025202" elapsed="0.003819"/>
</kw>
<kw name="close the broswe session" owner="GenericResource">
<kw name="Close Browser" owner="SeleniumLibrary">
<doc>Closes the current browser.</doc>
<status status="PASS" start="2025-05-20T23:21:42.029555" elapsed="2.301293"/>
</kw>
<status status="PASS" start="2025-05-20T23:21:42.029215" elapsed="2.301917"/>
</kw>
<arg>Price (low to high)</arg>
<arg>$7.99,$9.99,$15.99,$15.99,$29.99,$49.99</arg>
<status status="PASS" start="2025-05-20T23:21:37.903020" elapsed="6.428260"/>
</kw>
<status status="PASS" start="2025-05-20T23:21:37.902271" elapsed="6.429645"/>
</test>
<test id="s1-s5-t4" name="Sort Descending By price" line="17">
<kw name="Validate the functionality of filter options">
<kw name="Open the browser with url" owner="GenericResource">
<kw name="Evaluate" owner="BuiltIn">
<msg time="2025-05-20T23:21:44.335216" level="INFO">${options} = &lt;selenium.webdriver.chrome.options.Options object at 0x000002A1DC0244B0&gt;</msg>
<var>${options}</var>
<arg>sys.modules['selenium.webdriver'].ChromeOptions()</arg>
<arg>sys, selenium.webdriver</arg>
<doc>Evaluates the given expression in Python and returns the result.</doc>
<status status="PASS" start="2025-05-20T23:21:44.334858" elapsed="0.000406"/>
</kw>
<kw name="Call Method" owner="BuiltIn">
<arg>${options}</arg>
<arg>add_argument</arg>
<arg>--incognito</arg>
<doc>Calls the named method of the given object with the provided arguments.</doc>
<status status="PASS" start="2025-05-20T23:21:44.335426" elapsed="0.000158"/>
</kw>
<kw name="Create Webdriver" owner="SeleniumLibrary">
<msg time="2025-05-20T23:21:44.335930" level="INFO">Creating an instance of the Chrome WebDriver.</msg>
<arg>Chrome</arg>
<arg>options=${options}</arg>
<doc>Creates an instance of Selenium WebDriver.</doc>
<status status="PASS" start="2025-05-20T23:21:44.335733" elapsed="1.522378"/>
</kw>
<kw name="Go To" owner="SeleniumLibrary">
<msg time="2025-05-20T23:21:45.858640" level="INFO">Opening url 'https://www.saucedemo.com/'</msg>
<arg>${url}</arg>
<doc>Navigates the current browser window to the provided ``url``.</doc>
<status status="PASS" start="2025-05-20T23:21:45.858402" elapsed="0.546241"/>
</kw>
<kw name="Maximize Browser Window" owner="SeleniumLibrary">
<doc>Maximizes current browser window.</doc>
<status status="PASS" start="2025-05-20T23:21:46.404923" elapsed="0.046955"/>
</kw>
<kw name="Set Selenium Implicit Wait" owner="SeleniumLibrary">
<arg>5</arg>
<doc>Sets the implicit wait value used by Selenium.</doc>
<status status="PASS" start="2025-05-20T23:21:46.452366" elapsed="0.002552"/>
</kw>
<status status="PASS" start="2025-05-20T23:21:44.334575" elapsed="2.120574"/>
</kw>
<kw name="Login with valid user id" owner="GenericResource">
<kw name="Input Text" owner="SeleniumLibrary">
<msg time="2025-05-20T23:21:46.457093" level="INFO">Typing text 'standard_user' into text field 'name=user-name'.</msg>
<arg>${username_input_feild}</arg>
<arg>${base_user}</arg>
<doc>Types the given ``text`` into the text field identified by ``locator``.</doc>
<status status="PASS" start="2025-05-20T23:21:46.456360" elapsed="0.234438"/>
</kw>
<kw name="Input Password" owner="SeleniumLibrary">
<msg time="2025-05-20T23:21:46.691661" level="INFO">Typing password into text field 'name=password'.</msg>
<msg time="2025-05-20T23:21:46.756254" level="INFO">Temporally setting log level to: NONE</msg>
<arg>${password_input_feild}</arg>
<arg>${base_pass}</arg>
<doc>Types the given password into the text field identified by ``locator``.</doc>
<status status="PASS" start="2025-05-20T23:21:46.691175" elapsed="0.167960"/>
</kw>
<kw name="Click Button" owner="SeleniumLibrary">
<msg time="2025-05-20T23:21:46.859692" level="INFO">Clicking button 'id=login-button'.</msg>
<arg>${loginbtn}</arg>
<doc>Clicks the button identified by ``locator``.</doc>
<status status="PASS" start="2025-05-20T23:21:46.859417" elapsed="0.188629"/>
</kw>
<status status="PASS" start="2025-05-20T23:21:46.455429" elapsed="0.592807"/>
</kw>
<kw name="Choose the filter option">
<kw name="Select From List By Label" owner="SeleniumLibrary">
<msg time="2025-05-20T23:21:47.049268" level="INFO">Selecting options from selection list 'css:.product_sort_container' by label Price (high to low).</msg>
<arg>${filter_dropdown}</arg>
<arg>${options}</arg>
<doc>Selects options from selection list ``locator`` by ``labels``.</doc>
<status status="PASS" start="2025-05-20T23:21:47.048955" elapsed="0.191413"/>
</kw>
<kw name="Sleep" owner="BuiltIn">
<msg time="2025-05-20T23:21:48.242029" level="INFO">Slept 1 second.</msg>
<arg>1s</arg>
<doc>Pauses the test executed for the given time.</doc>
<status status="PASS" start="2025-05-20T23:21:47.240848" elapsed="1.001467"/>
</kw>
<kw name="Run Keyword If" owner="BuiltIn">
<kw name="Get Prices To List">
<kw name="Create List" owner="BuiltIn">
<msg time="2025-05-20T23:21:48.243942" level="INFO">${list} = []</msg>
<var>${list}</var>
<doc>Returns a list containing given items.</doc>
<status status="PASS" start="2025-05-20T23:21:48.243787" elapsed="0.000194"/>
</kw>
<kw name="Get WebElements" owner="SeleniumLibrary">
<msg time="2025-05-20T23:21:48.260677" level="INFO">@{elements} = [ &lt;selenium.webdriver.remote.webelement.WebElement (session="bd3be0844e110fd68749118060e40fd5", element="f.E883140EA79D261056FE1F6DB543F026.d.A201C33F9A5294DFEBC175B5E6E67B49.e.44")&gt; | &lt;selenium.webdr...</msg>
<var>@{elements}</var>
<arg>${price_locator}</arg>
<doc>Returns a list of WebElement objects matching the ``locator``.</doc>
<status status="PASS" start="2025-05-20T23:21:48.244127" elapsed="0.016640"/>
</kw>
<for flavor="IN">
<iter>
<kw name="Get Text" owner="SeleniumLibrary">
<msg time="2025-05-20T23:21:48.280346" level="INFO">${text} = $49.99</msg>
<var>${text}</var>
<arg>${el}</arg>
<doc>Returns the text value of the element identified by ``locator``.</doc>
<status status="PASS" start="2025-05-20T23:21:48.261439" elapsed="0.018979"/>
</kw>
<kw name="Append To List" owner="Collections">
<arg>${list}</arg>
<arg>${text}</arg>
<doc>Adds ``values`` to the end of ``list``.</doc>
<status status="PASS" start="2025-05-20T23:21:48.280697" elapsed="0.000244"/>
</kw>
<var name="${el}">&lt;selenium.webdriver.remote.webelement.WebElement (session="bd3be0844e110fd68749118060e40fd5", element="f.E883140EA79D261056FE1F6DB543F026.d.A201C33F9A5294DFEBC175B5E6E67B49.e.44")&gt;</var>
<status status="PASS" start="2025-05-20T23:21:48.261223" elapsed="0.019787"/>
</iter>
<iter>
<kw name="Get Text" owner="SeleniumLibrary">
<msg time="2025-05-20T23:21:48.292902" level="INFO">${text} = $29.99</msg>
<var>${text}</var>
<arg>${el}</arg>
<doc>Returns the text value of the element identified by ``locator``.</doc>
<status status="PASS" start="2025-05-20T23:21:48.281319" elapsed="0.011652"/>
</kw>
<kw name="Append To List" owner="Collections">
<arg>${list}</arg>
<arg>${text}</arg>
<doc>Adds ``values`` to the end of ``list``.</doc>
<status status="PASS" start="2025-05-20T23:21:48.293226" elapsed="0.000255"/>
</kw>
<var name="${el}">&lt;selenium.webdriver.remote.webelement.WebElement (session="bd3be0844e110fd68749118060e40fd5", element="f.E883140EA79D261056FE1F6DB543F026.d.A201C33F9A5294DFEBC175B5E6E67B49.e.45")&gt;</var>
<status status="PASS" start="2025-05-20T23:21:48.281190" elapsed="0.012356"/>
</iter>
<iter>
<kw name="Get Text" owner="SeleniumLibrary">
<msg time="2025-05-20T23:21:48.305878" level="INFO">${text} = $15.99</msg>
<var>${text}</var>
<arg>${el}</arg>
<doc>Returns the text value of the element identified by ``locator``.</doc>
<status status="PASS" start="2025-05-20T23:21:48.293835" elapsed="0.012112"/>
</kw>
<kw name="Append To List" owner="Collections">
<arg>${list}</arg>
<arg>${text}</arg>
<doc>Adds ``values`` to the end of ``list``.</doc>
<status status="PASS" start="2025-05-20T23:21:48.306203" elapsed="0.000240"/>
</kw>
<var name="${el}">&lt;selenium.webdriver.remote.webelement.WebElement (session="bd3be0844e110fd68749118060e40fd5", element="f.E883140EA79D261056FE1F6DB543F026.d.A201C33F9A5294DFEBC175B5E6E67B49.e.46")&gt;</var>
<status status="PASS" start="2025-05-20T23:21:48.293709" elapsed="0.012800"/>
</iter>
<iter>
<kw name="Get Text" owner="SeleniumLibrary">
<msg time="2025-05-20T23:21:48.319450" level="INFO">${text} = $15.99</msg>
<var>${text}</var>
<arg>${el}</arg>
<doc>Returns the text value of the element identified by ``locator``.</doc>
<status status="PASS" start="2025-05-20T23:21:48.306795" elapsed="0.012725"/>
</kw>
<kw name="Append To List" owner="Collections">
<arg>${list}</arg>
<arg>${text}</arg>
<doc>Adds ``values`` to the end of ``list``.</doc>
<status status="PASS" start="2025-05-20T23:21:48.319773" elapsed="0.000240"/>
</kw>
<var name="${el}">&lt;selenium.webdriver.remote.webelement.WebElement (session="bd3be0844e110fd68749118060e40fd5", element="f.E883140EA79D261056FE1F6DB543F026.d.A201C33F9A5294DFEBC175B5E6E67B49.e.47")&gt;</var>
<status status="PASS" start="2025-05-20T23:21:48.306671" elapsed="0.013409"/>
</iter>
<iter>
<kw name="Get Text" owner="SeleniumLibrary">
<msg time="2025-05-20T23:21:48.332074" level="INFO">${text} = $9.99</msg>
<var>${text}</var>
<arg>${el}</arg>
<doc>Returns the text value of the element identified by ``locator``.</doc>
<status status="PASS" start="2025-05-20T23:21:48.320485" elapsed="0.011665"/>
</kw>
<kw name="Append To List" owner="Collections">
<arg>${list}</arg>
<arg>${text}</arg>
<doc>Adds ``values`` to the end of ``list``.</doc>
<status status="PASS" start="2025-05-20T23:21:48.332405" elapsed="0.000256"/>
</kw>
<var name="${el}">&lt;selenium.webdriver.remote.webelement.WebElement (session="bd3be0844e110fd68749118060e40fd5", element="f.E883140EA79D261056FE1F6DB543F026.d.A201C33F9A5294DFEBC175B5E6E67B49.e.48")&gt;</var>
<status status="PASS" start="2025-05-20T23:21:48.320244" elapsed="0.012482"/>
</iter>
<iter>
<kw name="Get Text" owner="SeleniumLibrary">
<msg time="2025-05-20T23:21:48.345113" level="INFO">${text} = $7.99</msg>
<var>${text}</var>
<arg>${el}</arg>
<doc>Returns the text value of the element identified by ``locator``.</doc>
<status status="PASS" start="2025-05-20T23:21:48.333006" elapsed="0.012183"/>
</kw>
<kw name="Append To List" owner="Collections">
<arg>${list}</arg>
<arg>${text}</arg>
<doc>Adds ``values`` to the end of ``list``.</doc>
<status status="PASS" start="2025-05-20T23:21:48.345452" elapsed="0.000279"/>
</kw>
<var name="${el}">&lt;selenium.webdriver.remote.webelement.WebElement (session="bd3be0844e110fd68749118060e40fd5", element="f.E883140EA79D261056FE1F6DB543F026.d.A201C33F9A5294DFEBC175B5E6E67B49.e.49")&gt;</var>
<status status="PASS" start="2025-05-20T23:21:48.332884" elapsed="0.012957"/>
</iter>
<var>${el}</var>
<value>@{elements}</value>
<status status="PASS" start="2025-05-20T23:21:48.260948" elapsed="0.084975"/>
</for>
<kw name="Set Test Variable" owner="BuiltIn">
<msg time="2025-05-20T23:21:48.346406" level="INFO">${actual_list} = ['$49.99', '$29.99', '$15.99', '$15.99', '$9.99', '$7.99']</msg>
<arg>${actual_list}</arg>
<arg>${list}</arg>
<doc>Makes a variable available everywhere within the scope of the current test.</doc>
<status status="PASS" start="2025-05-20T23:21:48.346130" elapsed="0.000334"/>
</kw>
<status status="PASS" start="2025-05-20T23:21:48.243466" elapsed="0.103099"/>
</kw>
<arg>'${options}' == 'Name (A to Z)' or '${options}' == 'Name (Z to A)'</arg>
<arg>Get Names To List</arg>
<arg>ELSE</arg>
<arg>Get Prices To List</arg>
<doc>Runs the given keyword with the given arguments, if ``condition`` is true.</doc>
<status status="PASS" start="2025-05-20T23:21:48.242798" elapsed="0.103833"/>
</kw>
<arg>${options}</arg>
<status status="PASS" start="2025-05-20T23:21:47.048530" elapsed="1.298323"/>
</kw>
<kw name="Check the products are sorted according to the filter">
<kw name="Split String" owner="String">
<msg time="2025-05-20T23:21:48.347603" level="INFO">${expected_list} = ['$49.99', '$29.99', '$15.99', '$15.99', '$9.99', '$7.99']</msg>
<var>${expected_list}</var>
<arg>${filtered_product_list}</arg>
<arg>,</arg>
<doc>Splits the ``string`` using ``separator`` as a delimiter string.</doc>
<status status="PASS" start="2025-05-20T23:21:48.347394" elapsed="0.000247"/>
</kw>
<kw name="Run Keyword And Return Status" owner="BuiltIn">
<kw name="Should Contain" owner="BuiltIn">
<msg time="2025-05-20T23:21:48.348193" level="FAIL">'{'include': [], 'exclude': [], 'skip': [], 'skip_on_failure': [], 'console_width': 78}' does not contain 'Price'</msg>
<arg>${options}</arg>
<arg>Price</arg>
<doc>Fails if ``container`` does not contain ``item`` one or more times.</doc>
<status status="FAIL" start="2025-05-20T23:21:48.347960" elapsed="0.000328">'{'include': [], 'exclude': [], 'skip': [], 'skip_on_failure': [], 'console_width': 78}' does not contain 'Price'</status>
</kw>
<msg time="2025-05-20T23:21:48.348414" level="INFO">${is_price_test} = False</msg>
<var>${is_price_test}</var>
<arg>Should Contain</arg>
<arg>${options}</arg>
<arg>Price</arg>
<doc>Runs the given keyword with given arguments and returns the status as a Boolean value.</doc>
<status status="PASS" start="2025-05-20T23:21:48.347787" elapsed="0.000661"/>
</kw>
<kw name="Run Keyword If" owner="BuiltIn">
<kw name="Compare Name Lists">
<kw name="Lists Should Be Equal" owner="Collections">
<arg>${actual_list}</arg>
<arg>${expected_list}</arg>
<doc>Fails if given lists are unequal.</doc>
<status status="PASS" start="2025-05-20T23:21:48.349125" elapsed="0.000219"/>
</kw>
<arg>${expected_list}</arg>
<status status="PASS" start="2025-05-20T23:21:48.348821" elapsed="0.000611"/>
</kw>
<arg>${is_price_test}</arg>
<arg>Compare Price Lists</arg>
<arg>${expected_list}</arg>
<arg>ELSE</arg>
<arg>Compare Name Lists</arg>
<arg>${expected_list}</arg>
<doc>Runs the given keyword with the given arguments, if ``condition`` is true.</doc>
<status status="PASS" start="2025-05-20T23:21:48.348595" elapsed="0.000903"/>
</kw>
<arg>${filtered_product_list}</arg>
<status status="PASS" start="2025-05-20T23:21:48.347040" elapsed="0.002547"/>
</kw>
<kw name="close the broswe session" owner="GenericResource">
<kw name="Close Browser" owner="SeleniumLibrary">
<doc>Closes the current browser.</doc>
<status status="PASS" start="2025-05-20T23:21:48.349985" elapsed="2.386412"/>
</kw>
<status status="PASS" start="2025-05-20T23:21:48.349732" elapsed="2.386874"/>
</kw>
<arg>Price (high to low)</arg>
<arg>$49.99,$29.99,$15.99,$15.99,$9.99,$7.99</arg>
<status status="PASS" start="2025-05-20T23:21:44.334061" elapsed="6.402635"/>
</kw>
<status status="PASS" start="2025-05-20T23:21:44.333249" elapsed="6.403886"/>
</test>
<doc>To test product filter functionality with different dropdown options</doc>
<status status="PASS" start="2025-05-20T23:21:25.043189" elapsed="25.694877"/>
</suite>
<status status="PASS" start="2025-05-20T23:19:33.785474" elapsed="136.954310"/>
</suite>
<statistics>
<total>
<stat pass="13" fail="0" skip="0">All Tests</stat>
</total>
<tag>
</tag>
<suite>
<stat name="Tests" id="s1" pass="13" fail="0" skip="0">Tests</stat>
<stat name="BrokenLinkTest" id="s1-s1" pass="1" fail="0" skip="0">Tests.BrokenLinkTest</stat>
<stat name="LoginTest" id="s1-s2" pass="6" fail="0" skip="0">Tests.LoginTest</stat>
<stat name="LogoutTest" id="s1-s3" pass="1" fail="0" skip="0">Tests.LogoutTest</stat>
<stat name="MenuTest" id="s1-s4" pass="1" fail="0" skip="0">Tests.MenuTest</stat>
<stat name="ProductFilterTest" id="s1-s5" pass="4" fail="0" skip="0">Tests.ProductFilterTest</stat>
</suite>
</statistics>
<errors>
<msg time="2025-05-20T23:19:38.095821" level="WARN">Potentially problematic link: https://www.saucedemo.com/inventory.html# (Status: 404)</msg>
<msg time="2025-05-20T23:19:39.187181" level="WARN">Potentially problematic link: https://twitter.com/saucelabs (Status: 400)</msg>
<msg time="2025-05-20T23:19:41.585627" level="WARN">Potentially problematic link: https://www.linkedin.com/company/sauce-labs/ (Status: 999)</msg>
<msg time="2025-05-20T23:19:41.590240" level="WARN">
Broken Links:
['https://www.saucedemo.com/inventory.html# =&gt; 404', 'https://twitter.com/saucelabs =&gt; 400', 'https://www.linkedin.com/company/sauce-labs/ =&gt; 999']</msg>
<msg time="2025-05-20T23:19:57.687643" level="WARN">Multiple tests with name 'validate Login with' executed in suite 'Tests.LoginTest'.</msg>
<msg time="2025-05-20T23:20:07.824143" level="WARN">Multiple tests with name 'validate Login with' executed in suite 'Tests.LoginTest'.</msg>
<msg time="2025-05-20T23:20:18.038221" level="WARN">Multiple tests with name 'validate Login with' executed in suite 'Tests.LoginTest'.</msg>
<msg time="2025-05-20T23:20:35.198475" level="WARN">Multiple tests with name 'validate Login with' executed in suite 'Tests.LoginTest'.</msg>
<msg time="2025-05-20T23:21:00.089799" level="WARN">Multiple tests with name 'validate Login with' executed in suite 'Tests.LoginTest'.</msg>
</errors>
</robot>
